0 verbose cli C:\Program Files\nodejs\node.exe C:\Program Files\nodejs\node_modules\npm\bin\npm-cli.js
1 info using npm@11.11.0
2 info using node@v24.14.1
3 silly config load:file:C:\Program Files\nodejs\node_modules\npm\npmrc
4 silly config load:file:C:\dave-brain\scripts\playwright\.npmrc
5 silly config load:file:C:\Users\david\.npmrc
6 silly config load:file:C:\Users\david\AppData\Roaming\npm\etc\npmrc
7 verbose title npm install
8 verbose argv "install" "--package-lock" "false" "--cache" ".npm-cache"
9 verbose logfile logs-max:10 dir:C:\dave-brain\scripts\playwright\.npm-cache\_logs\2026-04-26T20_28_47_984Z-
10 verbose logfile C:\dave-brain\scripts\playwright\.npm-cache\_logs\2026-04-26T20_28_47_984Z-debug-0.log
11 silly logfile done cleaning log files
12 silly packumentCache heap:4496293888 maxSize:1124073472 maxEntrySize:562036736
13 silly idealTree buildDeps
14 silly fetch manifest dotenv@^17.4.2
15 silly packumentCache full:https://registry.npmjs.org/dotenv cache-miss
16 http fetch GET 200 https://registry.npmjs.org/dotenv 141ms (cache miss)
17 silly packumentCache full:https://registry.npmjs.org/dotenv set size:undefined disposed:false
18 silly fetch manifest express@^4.21.2
19 silly packumentCache full:https://registry.npmjs.org/express cache-miss
20 http fetch GET 200 https://registry.npmjs.org/npm 212ms
21 http fetch GET 200 https://registry.npmjs.org/express 106ms (cache miss)
22 silly packumentCache full:https://registry.npmjs.org/express set size:undefined disposed:false
23 silly fetch manifest playwright@^1.52.0
24 silly packumentCache full:https://registry.npmjs.org/playwright cache-miss
25 http fetch GET 200 https://registry.npmjs.org/playwright 1560ms (cache miss)
26 silly packumentCache full:https://registry.npmjs.org/playwright set size:undefined disposed:false
27 silly fetch manifest @types/express@^5.0.1
28 silly packumentCache full:https://registry.npmjs.org/@types%2fexpress cache-miss
29 http fetch GET 200 https://registry.npmjs.org/@types%2fexpress 77ms (cache miss)
30 silly packumentCache full:https://registry.npmjs.org/@types%2fexpress set size:undefined disposed:false
31 silly fetch manifest tsx@^4.19.4
32 silly packumentCache full:https://registry.npmjs.org/tsx cache-miss
33 http fetch GET 200 https://registry.npmjs.org/tsx 79ms (cache miss)
34 silly packumentCache full:https://registry.npmjs.org/tsx set size:undefined disposed:false
35 silly fetch manifest typescript@^5.8.3
36 silly packumentCache full:https://registry.npmjs.org/typescript cache-miss
37 http fetch GET 200 https://registry.npmjs.org/typescript 1266ms (cache miss)
38 silly packumentCache full:https://registry.npmjs.org/typescript set size:undefined disposed:false
39 silly placeDep ROOT @types/express@5.0.6 OK for: dave-brain-playwright@1.0.0 want: ^5.0.1
40 silly placeDep ROOT dotenv@17.4.2 OK for: dave-brain-playwright@1.0.0 want: ^17.4.2
41 silly placeDep ROOT express@4.22.1 OK for: dave-brain-playwright@1.0.0 want: ^4.21.2
42 silly placeDep ROOT playwright@1.59.1 OK for: dave-brain-playwright@1.0.0 want: ^1.52.0
43 silly placeDep ROOT tsx@4.21.0 OK for: dave-brain-playwright@1.0.0 want: ^4.19.4
44 silly placeDep ROOT typescript@5.9.3 OK for: dave-brain-playwright@1.0.0 want: ^5.8.3
45 silly fetch manifest @types/body-parser@*
46 silly packumentCache full:https://registry.npmjs.org/@types%2fbody-parser cache-miss
47 silly fetch manifest @types/serve-static@^2
48 silly packumentCache full:https://registry.npmjs.org/@types%2fserve-static cache-miss
49 silly fetch manifest @types/express-serve-static-core@^5.0.0
50 silly packumentCache full:https://registry.npmjs.org/@types%2fexpress-serve-static-core cache-miss
51 silly fetch manifest qs@~6.14.0
52 silly packumentCache full:https://registry.npmjs.org/qs cache-miss
53 silly fetch manifest depd@2.0.0
54 silly packumentCache full:https://registry.npmjs.org/depd cache-miss
55 http fetch GET 200 https://registry.npmjs.org/@types%2fbody-parser 67ms (cache miss)
56 silly packumentCache full:https://registry.npmjs.org/@types%2fbody-parser set size:undefined disposed:false
57 silly fetch manifest etag@~1.8.1
58 silly packumentCache full:https://registry.npmjs.org/etag cache-miss
59 http fetch GET 200 https://registry.npmjs.org/@types%2fserve-static 85ms (cache miss)
60 silly packumentCache full:https://registry.npmjs.org/@types%2fserve-static set size:undefined disposed:false
61 silly fetch manifest send@~0.19.0
62 silly packumentCache full:https://registry.npmjs.org/send cache-miss
63 http fetch GET 200 https://registry.npmjs.org/etag 46ms (cache miss)
64 silly packumentCache full:https://registry.npmjs.org/etag set size:undefined disposed:false
65 silly fetch manifest vary@~1.1.2
66 silly packumentCache full:https://registry.npmjs.org/vary cache-miss
67 http fetch GET 200 https://registry.npmjs.org/depd 126ms (cache miss)
68 silly packumentCache full:https://registry.npmjs.org/depd set size:undefined disposed:false
69 silly fetch manifest debug@2.6.9
70 silly packumentCache full:https://registry.npmjs.org/debug cache-miss
71 http fetch GET 200 https://registry.npmjs.org/@types%2fexpress-serve-static-core 189ms (cache miss)
72 silly packumentCache full:https://registry.npmjs.org/@types%2fexpress-serve-static-core set size:undefined disposed:false
73 silly fetch manifest fresh@~0.5.2
74 silly packumentCache full:https://registry.npmjs.org/fresh cache-miss
75 http fetch GET 200 https://registry.npmjs.org/send 197ms (cache miss)
76 silly packumentCache full:https://registry.npmjs.org/send set size:undefined disposed:false
77 silly fetch manifest cookie@~0.7.1
78 silly packumentCache full:https://registry.npmjs.org/cookie cache-miss
79 http fetch GET 200 https://registry.npmjs.org/vary 175ms (cache miss)
80 silly packumentCache full:https://registry.npmjs.org/vary set size:undefined disposed:false
81 silly fetch manifest accepts@~1.3.8
82 silly packumentCache full:https://registry.npmjs.org/accepts cache-miss
83 http fetch GET 200 https://registry.npmjs.org/debug 201ms (cache miss)
84 silly packumentCache full:https://registry.npmjs.org/debug set size:undefined disposed:false
85 silly fetch manifest methods@~1.1.2
86 silly packumentCache full:https://registry.npmjs.org/methods cache-miss
87 http fetch GET 200 https://registry.npmjs.org/qs 347ms (cache miss)
88 silly packumentCache full:https://registry.npmjs.org/qs set size:undefined disposed:false
89 silly fetch manifest type-is@~1.6.18
90 silly packumentCache full:https://registry.npmjs.org/type-is cache-miss
91 http fetch GET 200 https://registry.npmjs.org/fresh 170ms (cache miss)
92 silly packumentCache full:https://registry.npmjs.org/fresh set size:undefined disposed:false
93 silly fetch manifest parseurl@~1.3.3
94 silly packumentCache full:https://registry.npmjs.org/parseurl cache-miss
95 http fetch GET 200 https://registry.npmjs.org/accepts 83ms (cache miss)
96 silly packumentCache full:https://registry.npmjs.org/accepts set size:undefined disposed:false
97 silly fetch manifest statuses@~2.0.1
98 silly packumentCache full:https://registry.npmjs.org/statuses cache-miss
99 http fetch GET 200 https://registry.npmjs.org/cookie 91ms (cache miss)
100 silly packumentCache full:https://registry.npmjs.org/cookie set size:undefined disposed:false
101 silly fetch manifest encodeurl@~2.0.0
102 silly packumentCache full:https://registry.npmjs.org/encodeurl cache-miss
103 http fetch GET 200 https://registry.npmjs.org/methods 50ms (cache miss)
104 silly packumentCache full:https://registry.npmjs.org/methods set size:undefined disposed:false
105 silly fetch manifest proxy-addr@~2.0.7
106 silly packumentCache full:https://registry.npmjs.org/proxy-addr cache-miss
107 http fetch GET 200 https://registry.npmjs.org/parseurl 44ms (cache miss)
108 silly packumentCache full:https://registry.npmjs.org/parseurl set size:undefined disposed:false
109 silly fetch manifest body-parser@~1.20.3
110 silly packumentCache full:https://registry.npmjs.org/body-parser cache-miss
111 http fetch GET 200 https://registry.npmjs.org/type-is 79ms (cache miss)
112 silly packumentCache full:https://registry.npmjs.org/type-is set size:undefined disposed:false
113 silly fetch manifest escape-html@~1.0.3
114 silly packumentCache full:https://registry.npmjs.org/escape-html cache-miss
115 http fetch GET 200 https://registry.npmjs.org/statuses 63ms (cache miss)
116 silly packumentCache full:https://registry.npmjs.org/statuses set size:undefined disposed:false
117 silly fetch manifest http-errors@~2.0.0
118 silly packumentCache full:https://registry.npmjs.org/http-errors cache-miss
119 http fetch GET 200 https://registry.npmjs.org/encodeurl 65ms (cache miss)
120 silly packumentCache full:https://registry.npmjs.org/encodeurl set size:undefined disposed:false
121 silly fetch manifest on-finished@~2.4.1
122 silly packumentCache full:https://registry.npmjs.org/on-finished cache-miss
123 http fetch GET 200 https://registry.npmjs.org/proxy-addr 64ms (cache miss)
124 silly packumentCache full:https://registry.npmjs.org/proxy-addr set size:undefined disposed:false
125 silly fetch manifest safe-buffer@5.2.1
126 silly packumentCache full:https://registry.npmjs.org/safe-buffer cache-miss
127 http fetch GET 200 https://registry.npmjs.org/body-parser 77ms (cache miss)
128 silly packumentCache full:https://registry.npmjs.org/body-parser set size:undefined disposed:false
129 silly fetch manifest utils-merge@1.0.1
130 silly packumentCache full:https://registry.npmjs.org/utils-merge cache-miss
131 http fetch GET 200 https://registry.npmjs.org/http-errors 61ms (cache miss)
132 silly packumentCache full:https://registry.npmjs.org/http-errors set size:undefined disposed:false
133 silly fetch manifest content-type@~1.0.4
134 silly packumentCache full:https://registry.npmjs.org/content-type cache-miss
135 http fetch GET 200 https://registry.npmjs.org/on-finished 77ms (cache miss)
136 silly packumentCache full:https://registry.npmjs.org/on-finished set size:undefined disposed:false
137 silly fetch manifest finalhandler@~1.3.1
138 silly packumentCache full:https://registry.npmjs.org/finalhandler cache-miss
139 http fetch GET 200 https://registry.npmjs.org/escape-html 96ms (cache miss)
140 silly packumentCache full:https://registry.npmjs.org/escape-html set size:undefined disposed:false
141 silly fetch manifest range-parser@~1.2.1
142 silly packumentCache full:https://registry.npmjs.org/range-parser cache-miss
143 http fetch GET 200 https://registry.npmjs.org/safe-buffer 88ms (cache miss)
144 silly packumentCache full:https://registry.npmjs.org/safe-buffer set size:undefined disposed:false
145 silly fetch manifest serve-static@~1.16.2
146 silly packumentCache full:https://registry.npmjs.org/serve-static cache-miss
147 http fetch GET 200 https://registry.npmjs.org/utils-merge 63ms (cache miss)
148 silly packumentCache full:https://registry.npmjs.org/utils-merge set size:undefined disposed:false
149 silly fetch manifest array-flatten@1.1.1
150 silly packumentCache full:https://registry.npmjs.org/array-flatten cache-miss
151 http fetch GET 200 https://registry.npmjs.org/content-type 53ms (cache miss)
152 silly packumentCache full:https://registry.npmjs.org/content-type set size:undefined disposed:false
153 silly fetch manifest path-to-regexp@~0.1.12
154 silly packumentCache full:https://registry.npmjs.org/path-to-regexp cache-miss
155 http fetch GET 200 https://registry.npmjs.org/finalhandler 63ms (cache miss)
156 silly packumentCache full:https://registry.npmjs.org/finalhandler set size:undefined disposed:false
157 silly fetch manifest setprototypeof@1.2.0
158 silly packumentCache full:https://registry.npmjs.org/setprototypeof cache-miss
159 http fetch GET 200 https://registry.npmjs.org/range-parser 62ms (cache miss)
160 silly packumentCache full:https://registry.npmjs.org/range-parser set size:undefined disposed:false
161 silly fetch manifest cookie-signature@~1.0.6
162 silly packumentCache full:https://registry.npmjs.org/cookie-signature cache-miss
163 http fetch GET 200 https://registry.npmjs.org/serve-static 67ms (cache miss)
164 silly packumentCache full:https://registry.npmjs.org/serve-static set size:undefined disposed:false
165 silly fetch manifest merge-descriptors@1.0.3
166 silly packumentCache full:https://registry.npmjs.org/merge-descriptors cache-miss
167 http fetch GET 200 https://registry.npmjs.org/array-flatten 66ms (cache miss)
168 silly packumentCache full:https://registry.npmjs.org/array-flatten set size:undefined disposed:false
169 silly fetch manifest content-disposition@~0.5.4
170 silly packumentCache full:https://registry.npmjs.org/content-disposition cache-miss
171 http fetch GET 200 https://registry.npmjs.org/path-to-regexp 93ms (cache miss)
172 silly packumentCache full:https://registry.npmjs.org/path-to-regexp set size:undefined disposed:false
173 silly fetch manifest playwright-core@1.59.1
174 silly packumentCache full:https://registry.npmjs.org/playwright-core cache-miss
175 http fetch GET 200 https://registry.npmjs.org/setprototypeof 74ms (cache miss)
176 silly packumentCache full:https://registry.npmjs.org/setprototypeof set size:undefined disposed:false
177 silly fetch manifest fsevents@2.3.2
178 silly packumentCache full:https://registry.npmjs.org/fsevents cache-miss
179 http fetch GET 200 https://registry.npmjs.org/cookie-signature 67ms (cache miss)
180 silly packumentCache full:https://registry.npmjs.org/cookie-signature set size:undefined disposed:false
181 silly fetch manifest esbuild@~0.27.0
182 silly packumentCache full:https://registry.npmjs.org/esbuild cache-miss
183 http fetch GET 200 https://registry.npmjs.org/merge-descriptors 59ms (cache miss)
184 silly packumentCache full:https://registry.npmjs.org/merge-descriptors set size:undefined disposed:false
185 silly fetch manifest get-tsconfig@^4.7.5
186 silly packumentCache full:https://registry.npmjs.org/get-tsconfig cache-miss
187 http fetch GET 200 https://registry.npmjs.org/content-disposition 58ms (cache miss)
188 silly packumentCache full:https://registry.npmjs.org/content-disposition set size:undefined disposed:false
189 silly fetch manifest fsevents@~2.3.3
190 silly packumentCache full:https://registry.npmjs.org/fsevents cache-miss
191 http fetch GET 200 https://registry.npmjs.org/fsevents 91ms (cache miss)
192 silly packumentCache full:https://registry.npmjs.org/fsevents set size:undefined disposed:false
193 http fetch GET 200 https://registry.npmjs.org/get-tsconfig 109ms (cache miss)
194 silly packumentCache full:https://registry.npmjs.org/get-tsconfig set size:undefined disposed:false
195 http fetch GET 200 https://registry.npmjs.org/fsevents 156ms (cache miss)
196 silly packumentCache full:https://registry.npmjs.org/fsevents set size:undefined disposed:false
197 http fetch GET 200 https://registry.npmjs.org/esbuild 904ms (cache miss)
198 silly packumentCache full:https://registry.npmjs.org/esbuild set size:undefined disposed:false
199 http fetch GET 200 https://registry.npmjs.org/playwright-core 3083ms (cache miss)
200 silly packumentCache full:https://registry.npmjs.org/playwright-core set size:undefined disposed:false
201 silly placeDep ROOT @types/body-parser@1.19.6 OK for: @types/express@5.0.6 want: *
202 silly placeDep ROOT @types/express-serve-static-core@5.1.1 OK for: @types/express@5.0.6 want: ^5.0.0
203 silly placeDep ROOT @types/serve-static@2.2.0 OK for: @types/express@5.0.6 want: ^2
204 silly fetch manifest @types/node@*
205 silly packumentCache full:https://registry.npmjs.org/@types%2fnode cache-miss
206 silly fetch manifest @types/connect@*
207 silly packumentCache full:https://registry.npmjs.org/@types%2fconnect cache-miss
208 silly fetch manifest @types/qs@*
209 silly packumentCache full:https://registry.npmjs.org/@types%2fqs cache-miss
210 silly fetch manifest @types/node@*
211 silly packumentCache full:https://registry.npmjs.org/@types%2fnode cache-miss
212 silly fetch manifest @types/send@*
213 silly packumentCache full:https://registry.npmjs.org/@types%2fsend cache-miss
214 http fetch GET 200 https://registry.npmjs.org/@types%2fconnect 66ms (cache miss)
215 silly packumentCache full:https://registry.npmjs.org/@types%2fconnect set size:undefined disposed:false
216 silly fetch manifest @types/range-parser@*
217 silly packumentCache full:https://registry.npmjs.org/@types%2frange-parser cache-miss
218 http fetch GET 200 https://registry.npmjs.org/@types%2fqs 83ms (cache miss)
219 silly packumentCache full:https://registry.npmjs.org/@types%2fqs set size:undefined disposed:false
220 silly fetch manifest @types/node@*
221 silly packumentCache full:https://registry.npmjs.org/@types%2fnode cache-miss
222 http fetch GET 200 https://registry.npmjs.org/@types%2fsend 85ms (cache miss)
223 silly packumentCache full:https://registry.npmjs.org/@types%2fsend set size:undefined disposed:false
224 silly fetch manifest @types/http-errors@*
225 silly packumentCache full:https://registry.npmjs.org/@types%2fhttp-errors cache-miss
226 http fetch GET 200 https://registry.npmjs.org/@types%2frange-parser 106ms (cache miss)
227 silly packumentCache full:https://registry.npmjs.org/@types%2frange-parser set size:undefined disposed:false
228 http fetch GET 200 https://registry.npmjs.org/@types%2fhttp-errors 187ms (cache miss)
229 silly packumentCache full:https://registry.npmjs.org/@types%2fhttp-errors set size:undefined disposed:false
230 http fetch GET 200 https://registry.npmjs.org/@types%2fnode 2538ms (cache miss)
231 silly packumentCache full:https://registry.npmjs.org/@types%2fnode set size:undefined disposed:false
232 http fetch GET 200 https://registry.npmjs.org/@types%2fnode 2791ms (cache miss)
233 silly packumentCache full:https://registry.npmjs.org/@types%2fnode set size:undefined disposed:false
234 http fetch GET 200 https://registry.npmjs.org/@types%2fnode 3461ms (cache miss)
235 silly packumentCache full:https://registry.npmjs.org/@types%2fnode set size:undefined disposed:false
236 silly placeDep ROOT @types/connect@3.4.38 OK for: @types/body-parser@1.19.6 want: *
237 silly placeDep ROOT @types/node@25.6.0 OK for: @types/body-parser@1.19.6 want: *
238 silly fetch manifest undici-types@~7.19.0
239 silly packumentCache full:https://registry.npmjs.org/undici-types cache-miss
240 http fetch GET 200 https://registry.npmjs.org/undici-types 55ms (cache miss)
241 silly packumentCache full:https://registry.npmjs.org/undici-types set size:undefined disposed:false
242 silly placeDep ROOT @types/qs@6.15.0 OK for: @types/express-serve-static-core@5.1.1 want: *
243 silly placeDep ROOT @types/range-parser@1.2.7 OK for: @types/express-serve-static-core@5.1.1 want: *
244 silly placeDep ROOT @types/send@1.2.1 OK for: @types/express-serve-static-core@5.1.1 want: *
245 silly placeDep ROOT undici-types@7.19.2 OK for: @types/node@25.6.0 want: ~7.19.0
246 silly placeDep ROOT @types/http-errors@2.0.5 OK for: @types/serve-static@2.2.0 want: *
247 silly placeDep ROOT accepts@1.3.8 OK for: express@4.22.1 want: ~1.3.8
248 silly placeDep ROOT array-flatten@1.1.1 OK for: express@4.22.1 want: 1.1.1
249 silly placeDep ROOT body-parser@1.20.5 OK for: express@4.22.1 want: ~1.20.3
250 silly placeDep ROOT content-disposition@0.5.4 OK for: express@4.22.1 want: ~0.5.4
251 silly placeDep ROOT content-type@1.0.5 OK for: express@4.22.1 want: ~1.0.4
252 silly placeDep ROOT cookie@0.7.2 OK for: express@4.22.1 want: ~0.7.1
253 silly placeDep ROOT cookie-signature@1.0.7 OK for: express@4.22.1 want: ~1.0.6
254 silly placeDep ROOT debug@2.6.9 OK for: express@4.22.1 want: 2.6.9
255 silly placeDep ROOT depd@2.0.0 OK for: express@4.22.1 want: 2.0.0
256 silly placeDep ROOT encodeurl@2.0.0 OK for: express@4.22.1 want: ~2.0.0
257 silly placeDep ROOT escape-html@1.0.3 OK for: express@4.22.1 want: ~1.0.3
258 silly placeDep ROOT etag@1.8.1 OK for: express@4.22.1 want: ~1.8.1
259 silly placeDep ROOT finalhandler@1.3.2 OK for: express@4.22.1 want: ~1.3.1
260 silly placeDep ROOT fresh@0.5.2 OK for: express@4.22.1 want: ~0.5.2
261 silly placeDep ROOT http-errors@2.0.1 OK for: express@4.22.1 want: ~2.0.0
262 silly placeDep ROOT merge-descriptors@1.0.3 OK for: express@4.22.1 want: 1.0.3
263 silly placeDep ROOT methods@1.1.2 OK for: express@4.22.1 want: ~1.1.2
264 silly placeDep ROOT on-finished@2.4.1 OK for: express@4.22.1 want: ~2.4.1
265 silly placeDep ROOT parseurl@1.3.3 OK for: express@4.22.1 want: ~1.3.3
266 silly placeDep ROOT path-to-regexp@0.1.13 OK for: express@4.22.1 want: ~0.1.12
267 silly placeDep ROOT proxy-addr@2.0.7 OK for: express@4.22.1 want: ~2.0.7
268 silly placeDep ROOT qs@6.14.2 OK for: express@4.22.1 want: ~6.14.0
269 silly placeDep ROOT range-parser@1.2.1 OK for: express@4.22.1 want: ~1.2.1
270 silly placeDep ROOT safe-buffer@5.2.1 OK for: express@4.22.1 want: 5.2.1
271 silly placeDep ROOT send@0.19.2 OK for: express@4.22.1 want: ~0.19.0
272 silly placeDep ROOT serve-static@1.16.3 OK for: express@4.22.1 want: ~1.16.2
273 silly placeDep ROOT setprototypeof@1.2.0 OK for: express@4.22.1 want: 1.2.0
274 silly placeDep ROOT statuses@2.0.2 OK for: express@4.22.1 want: ~2.0.1
275 silly placeDep ROOT type-is@1.6.18 OK for: express@4.22.1 want: ~1.6.18
276 silly placeDep ROOT utils-merge@1.0.1 OK for: express@4.22.1 want: 1.0.1
277 silly placeDep ROOT vary@1.1.2 OK for: express@4.22.1 want: ~1.1.2
278 silly fetch manifest mime-types@~2.1.34
279 silly packumentCache full:https://registry.npmjs.org/mime-types cache-miss
280 silly fetch manifest negotiator@0.6.3
281 silly packumentCache full:https://registry.npmjs.org/negotiator cache-miss
282 silly fetch manifest bytes@~3.1.2
283 silly packumentCache full:https://registry.npmjs.org/bytes cache-miss
284 silly fetch manifest content-type@~1.0.5
285 silly packumentCache full:https://registry.npmjs.org/content-type cache-miss
286 silly fetch manifest destroy@~1.2.0
287 silly packumentCache full:https://registry.npmjs.org/destroy cache-miss
288 http cache https://registry.npmjs.org/content-type 12ms (cache hit)
289 silly packumentCache full:https://registry.npmjs.org/content-type set size:17311 disposed:false
290 silly fetch manifest http-errors@~2.0.1
291 silly packumentCache full:https://registry.npmjs.org/http-errors cache-miss
292 http cache https://registry.npmjs.org/http-errors 4ms (cache hit)
293 silly packumentCache full:https://registry.npmjs.org/http-errors set size:71987 disposed:false
294 silly fetch manifest iconv-lite@~0.4.24
295 silly packumentCache full:https://registry.npmjs.org/iconv-lite cache-miss
296 http fetch GET 200 https://registry.npmjs.org/destroy 60ms (cache miss)
297 silly packumentCache full:https://registry.npmjs.org/destroy set size:undefined disposed:false
298 silly fetch manifest qs@~6.15.1
299 silly packumentCache full:https://registry.npmjs.org/qs cache-miss
300 http cache https://registry.npmjs.org/qs 5ms (cache hit)
301 silly packumentCache full:https://registry.npmjs.org/qs set size:353582 disposed:false
302 silly fetch manifest raw-body@~2.5.3
303 silly packumentCache full:https://registry.npmjs.org/raw-body cache-miss
304 http fetch GET 200 https://registry.npmjs.org/mime-types 80ms (cache miss)
305 silly packumentCache full:https://registry.npmjs.org/mime-types set size:undefined disposed:false
306 silly fetch manifest unpipe@~1.0.0
307 silly packumentCache full:https://registry.npmjs.org/unpipe cache-miss
308 http fetch GET 200 https://registry.npmjs.org/negotiator 83ms (cache miss)
309 silly packumentCache full:https://registry.npmjs.org/negotiator set size:undefined disposed:false
310 silly fetch manifest ms@2.0.0
311 silly packumentCache full:https://registry.npmjs.org/ms cache-miss
312 http fetch GET 200 https://registry.npmjs.org/iconv-lite 68ms (cache miss)
313 silly packumentCache full:https://registry.npmjs.org/iconv-lite set size:undefined disposed:false
314 silly fetch manifest unpipe@~1.0.0
315 silly packumentCache full:https://registry.npmjs.org/unpipe cache-miss
316 http fetch GET 200 https://registry.npmjs.org/bytes 90ms (cache miss)
317 silly packumentCache full:https://registry.npmjs.org/bytes set size:undefined disposed:false
318 silly fetch manifest statuses@~2.0.2
319 silly packumentCache full:https://registry.npmjs.org/statuses cache-miss
320 http cache https://registry.npmjs.org/statuses 4ms (cache hit)
321 silly packumentCache full:https://registry.npmjs.org/statuses set size:37117 disposed:false
322 silly fetch manifest inherits@~2.0.4
323 silly packumentCache full:https://registry.npmjs.org/inherits cache-miss
324 http fetch GET 200 https://registry.npmjs.org/unpipe 36ms (cache miss)
325 silly packumentCache full:https://registry.npmjs.org/unpipe set size:undefined disposed:false
326 silly fetch manifest setprototypeof@~1.2.0
327 silly packumentCache full:https://registry.npmjs.org/setprototypeof cache-miss
328 http cache https://registry.npmjs.org/setprototypeof 5ms (cache hit)
329 silly packumentCache full:https://registry.npmjs.org/setprototypeof set size:14532 disposed:false
330 silly fetch manifest toidentifier@~1.0.1
331 silly packumentCache full:https://registry.npmjs.org/toidentifier cache-miss
332 http fetch GET 200 https://registry.npmjs.org/unpipe 56ms (cache miss)
333 silly packumentCache full:https://registry.npmjs.org/unpipe set size:undefined disposed:false
334 silly fetch manifest ee-first@1.1.1
335 silly packumentCache full:https://registry.npmjs.org/ee-first cache-miss
336 http fetch GET 200 https://registry.npmjs.org/ms 66ms (cache miss)
337 silly packumentCache full:https://registry.npmjs.org/ms set size:undefined disposed:false
338 silly fetch manifest forwarded@0.2.0
339 silly packumentCache full:https://registry.npmjs.org/forwarded cache-miss
340 http fetch GET 200 https://registry.npmjs.org/inherits 59ms (cache miss)
341 silly packumentCache full:https://registry.npmjs.org/inherits set size:undefined disposed:false
342 silly fetch manifest ipaddr.js@1.9.1
343 silly packumentCache full:https://registry.npmjs.org/ipaddr.js cache-miss
344 http fetch GET 200 https://registry.npmjs.org/raw-body 88ms (cache miss)
345 silly packumentCache full:https://registry.npmjs.org/raw-body set size:undefined disposed:false
346 silly fetch manifest side-channel@^1.1.0
347 silly packumentCache full:https://registry.npmjs.org/side-channel cache-miss
348 http fetch GET 200 https://registry.npmjs.org/toidentifier 46ms (cache miss)
349 silly packumentCache full:https://registry.npmjs.org/toidentifier set size:undefined disposed:false
350 silly fetch manifest ms@2.1.3
351 silly packumentCache full:https://registry.npmjs.org/ms cache-miss
352 http cache https://registry.npmjs.org/ms 4ms (cache hit)
353 silly packumentCache full:https://registry.npmjs.org/ms set size:92208 disposed:false
354 silly fetch manifest mime@1.6.0
355 silly packumentCache full:https://registry.npmjs.org/mime cache-miss
356 http fetch GET 200 https://registry.npmjs.org/ee-first 53ms (cache miss)
357 silly packumentCache full:https://registry.npmjs.org/ee-first set size:undefined disposed:false
358 silly fetch manifest destroy@1.2.0
359 silly packumentCache full:https://registry.npmjs.org/destroy cache-miss
360 http fetch GET 200 https://registry.npmjs.org/forwarded 41ms (cache miss)
361 silly packumentCache full:https://registry.npmjs.org/forwarded set size:undefined disposed:false
362 silly fetch manifest mime-types@~2.1.24
363 silly packumentCache full:https://registry.npmjs.org/mime-types cache-miss
364 http cache https://registry.npmjs.org/destroy 6ms (cache hit)
365 silly packumentCache full:https://registry.npmjs.org/destroy set size:15738 disposed:false
366 silly fetch manifest media-typer@0.3.0
367 silly packumentCache full:https://registry.npmjs.org/media-typer cache-miss
368 http cache https://registry.npmjs.org/mime-types 5ms (cache hit)
369 silly packumentCache full:https://registry.npmjs.org/mime-types set size:139110 disposed:false
370 http fetch GET 200 https://registry.npmjs.org/side-channel 50ms (cache miss)
371 silly packumentCache full:https://registry.npmjs.org/side-channel set size:undefined disposed:false
372 http fetch GET 200 https://registry.npmjs.org/ipaddr.js 60ms (cache miss)
373 silly packumentCache full:https://registry.npmjs.org/ipaddr.js set size:undefined disposed:false
374 http fetch GET 200 https://registry.npmjs.org/mime 48ms (cache miss)
375 silly packumentCache full:https://registry.npmjs.org/mime set size:undefined disposed:false
376 http fetch GET 200 https://registry.npmjs.org/media-typer 43ms (cache miss)
377 silly packumentCache full:https://registry.npmjs.org/media-typer set size:undefined disposed:false
378 silly placeDep ROOT mime-types@2.1.35 OK for: accepts@1.3.8 want: ~2.1.34
379 silly placeDep ROOT negotiator@0.6.3 OK for: accepts@1.3.8 want: 0.6.3
380 silly fetch manifest mime-db@1.52.0
381 silly packumentCache full:https://registry.npmjs.org/mime-db cache-miss
382 http fetch GET 200 https://registry.npmjs.org/mime-db 81ms (cache miss)
383 silly packumentCache full:https://registry.npmjs.org/mime-db set size:undefined disposed:false
384 silly placeDep ROOT bytes@3.1.2 OK for: body-parser@1.20.5 want: ~3.1.2
385 silly placeDep ROOT destroy@1.2.0 OK for: body-parser@1.20.5 want: ~1.2.0
386 silly placeDep ROOT iconv-lite@0.4.24 OK for: body-parser@1.20.5 want: ~0.4.24
387 silly placeDep node_modules/body-parser qs@6.15.1 OK for: body-parser@1.20.5 want: ~6.15.1
388 silly placeDep ROOT raw-body@2.5.3 OK for: body-parser@1.20.5 want: ~2.5.3
389 silly placeDep ROOT unpipe@1.0.0 OK for: body-parser@1.20.5 want: ~1.0.0
390 silly fetch manifest safer-buffer@>= 2.1.2 < 3
391 silly packumentCache full:https://registry.npmjs.org/safer-buffer cache-miss
392 http fetch GET 200 https://registry.npmjs.org/safer-buffer 44ms (cache miss)
393 silly packumentCache full:https://registry.npmjs.org/safer-buffer set size:undefined disposed:false
394 silly placeDep ROOT ms@2.0.0 OK for: debug@2.6.9 want: 2.0.0
395 silly placeDep ROOT inherits@2.0.4 OK for: http-errors@2.0.1 want: ~2.0.4
396 silly placeDep ROOT toidentifier@1.0.1 OK for: http-errors@2.0.1 want: ~1.0.1
397 silly placeDep ROOT safer-buffer@2.1.2 OK for: iconv-lite@0.4.24 want: >= 2.1.2 < 3
398 silly placeDep ROOT mime-db@1.52.0 OK for: mime-types@2.1.35 want: 1.52.0
399 silly placeDep ROOT ee-first@1.1.1 OK for: on-finished@2.4.1 want: 1.1.1
400 silly placeDep ROOT fsevents@2.3.2 OK for: playwright@1.59.1 want: 2.3.2
401 silly placeDep ROOT playwright-core@1.59.1 OK for: playwright@1.59.1 want: 1.59.1
402 silly placeDep ROOT forwarded@0.2.0 OK for: proxy-addr@2.0.7 want: 0.2.0
403 silly placeDep ROOT ipaddr.js@1.9.1 OK for: proxy-addr@2.0.7 want: 1.9.1
404 silly placeDep ROOT side-channel@1.1.0 OK for: qs@6.14.2 want: ^1.1.0
405 silly fetch manifest es-errors@^1.3.0
406 silly packumentCache full:https://registry.npmjs.org/es-errors cache-miss
407 silly fetch manifest object-inspect@^1.13.3
408 silly packumentCache full:https://registry.npmjs.org/object-inspect cache-miss
409 silly fetch manifest side-channel-list@^1.0.0
410 silly packumentCache full:https://registry.npmjs.org/side-channel-list cache-miss
411 silly fetch manifest side-channel-map@^1.0.1
412 silly packumentCache full:https://registry.npmjs.org/side-channel-map cache-miss
413 silly fetch manifest side-channel-weakmap@^1.0.2
414 silly packumentCache full:https://registry.npmjs.org/side-channel-weakmap cache-miss
415 http fetch GET 200 https://registry.npmjs.org/side-channel-list 34ms (cache miss)
416 silly packumentCache full:https://registry.npmjs.org/side-channel-list set size:undefined disposed:false
417 http fetch GET 200 https://registry.npmjs.org/side-channel-weakmap 63ms (cache miss)
418 silly packumentCache full:https://registry.npmjs.org/side-channel-weakmap set size:undefined disposed:false
419 http fetch GET 200 https://registry.npmjs.org/side-channel-map 65ms (cache miss)
420 silly packumentCache full:https://registry.npmjs.org/side-channel-map set size:undefined disposed:false
421 http fetch GET 200 https://registry.npmjs.org/es-errors 66ms (cache miss)
422 silly packumentCache full:https://registry.npmjs.org/es-errors set size:undefined disposed:false
423 http fetch GET 200 https://registry.npmjs.org/object-inspect 67ms (cache miss)
424 silly packumentCache full:https://registry.npmjs.org/object-inspect set size:undefined disposed:false
425 silly placeDep ROOT mime@1.6.0 OK for: send@0.19.2 want: 1.6.0
426 silly placeDep node_modules/send ms@2.1.3 OK for: send@0.19.2 want: 2.1.3
427 silly placeDep ROOT es-errors@1.3.0 OK for: side-channel@1.1.0 want: ^1.3.0
428 silly placeDep ROOT object-inspect@1.13.4 OK for: side-channel@1.1.0 want: ^1.13.3
429 silly placeDep ROOT side-channel-list@1.0.1 OK for: side-channel@1.1.0 want: ^1.0.0
430 silly placeDep ROOT side-channel-map@1.0.1 OK for: side-channel@1.1.0 want: ^1.0.1
431 silly placeDep ROOT side-channel-weakmap@1.0.2 OK for: side-channel@1.1.0 want: ^1.0.2
432 silly fetch manifest call-bound@^1.0.2
433 silly packumentCache full:https://registry.npmjs.org/call-bound cache-miss
434 silly fetch manifest get-intrinsic@^1.2.5
435 silly packumentCache full:https://registry.npmjs.org/get-intrinsic cache-miss
436 silly fetch manifest call-bound@^1.0.2
437 silly packumentCache full:https://registry.npmjs.org/call-bound cache-miss
438 silly fetch manifest get-intrinsic@^1.2.5
439 silly packumentCache full:https://registry.npmjs.org/get-intrinsic cache-miss
440 http fetch GET 200 https://registry.npmjs.org/call-bound 39ms (cache miss)
441 silly packumentCache full:https://registry.npmjs.org/call-bound set size:undefined disposed:false
442 http fetch GET 200 https://registry.npmjs.org/get-intrinsic 57ms (cache miss)
443 silly packumentCache full:https://registry.npmjs.org/get-intrinsic set size:undefined disposed:false
444 http fetch GET 200 https://registry.npmjs.org/call-bound 60ms (cache miss)
445 silly packumentCache full:https://registry.npmjs.org/call-bound set size:undefined disposed:false
446 http fetch GET 200 https://registry.npmjs.org/get-intrinsic 62ms (cache miss)
447 silly packumentCache full:https://registry.npmjs.org/get-intrinsic set size:undefined disposed:false
448 silly placeDep ROOT call-bound@1.0.4 OK for: side-channel-map@1.0.1 want: ^1.0.2
449 silly placeDep ROOT get-intrinsic@1.3.0 OK for: side-channel-map@1.0.1 want: ^1.2.5
450 silly fetch manifest call-bind-apply-helpers@^1.0.2
451 silly packumentCache full:https://registry.npmjs.org/call-bind-apply-helpers cache-miss
452 silly fetch manifest get-intrinsic@^1.3.0
453 silly packumentCache full:https://registry.npmjs.org/get-intrinsic cache-miss
454 silly fetch manifest gopd@^1.2.0
455 silly packumentCache full:https://registry.npmjs.org/gopd cache-miss
456 silly fetch manifest hasown@^2.0.2
457 silly packumentCache full:https://registry.npmjs.org/hasown cache-miss
458 silly fetch manifest get-proto@^1.0.1
459 silly packumentCache full:https://registry.npmjs.org/get-proto cache-miss
460 http cache https://registry.npmjs.org/get-intrinsic 8ms (cache hit)
461 silly packumentCache full:https://registry.npmjs.org/get-intrinsic set size:60985 disposed:false
462 silly fetch manifest has-symbols@^1.1.0
463 silly packumentCache full:https://registry.npmjs.org/has-symbols cache-miss
464 http fetch GET 200 https://registry.npmjs.org/call-bind-apply-helpers 51ms (cache miss)
465 silly packumentCache full:https://registry.npmjs.org/call-bind-apply-helpers set size:undefined disposed:false
466 silly fetch manifest function-bind@^1.1.2
467 silly packumentCache full:https://registry.npmjs.org/function-bind cache-miss
468 http fetch GET 200 https://registry.npmjs.org/gopd 58ms (cache miss)
469 silly packumentCache full:https://registry.npmjs.org/gopd set size:undefined disposed:false
470 silly fetch manifest es-object-atoms@^1.1.1
471 silly packumentCache full:https://registry.npmjs.org/es-object-atoms cache-miss
472 http fetch GET 200 https://registry.npmjs.org/hasown 61ms (cache miss)
473 silly packumentCache full:https://registry.npmjs.org/hasown set size:undefined disposed:false
474 silly fetch manifest math-intrinsics@^1.1.0
475 silly packumentCache full:https://registry.npmjs.org/math-intrinsics cache-miss
476 http fetch GET 200 https://registry.npmjs.org/get-proto 64ms (cache miss)
477 silly packumentCache full:https://registry.npmjs.org/get-proto set size:undefined disposed:false
478 silly fetch manifest es-define-property@^1.0.1
479 silly packumentCache full:https://registry.npmjs.org/es-define-property cache-miss
480 http fetch GET 200 https://registry.npmjs.org/has-symbols 59ms (cache miss)
481 silly packumentCache full:https://registry.npmjs.org/has-symbols set size:undefined disposed:false
482 http fetch GET 200 https://registry.npmjs.org/function-bind 40ms (cache miss)
483 silly packumentCache full:https://registry.npmjs.org/function-bind set size:undefined disposed:false
484 http fetch GET 200 https://registry.npmjs.org/es-object-atoms 48ms (cache miss)
485 silly packumentCache full:https://registry.npmjs.org/es-object-atoms set size:undefined disposed:false
486 http fetch GET 200 https://registry.npmjs.org/es-define-property 44ms (cache miss)
487 silly packumentCache full:https://registry.npmjs.org/es-define-property set size:undefined disposed:false
488 http fetch GET 200 https://registry.npmjs.org/math-intrinsics 48ms (cache miss)
489 silly packumentCache full:https://registry.npmjs.org/math-intrinsics set size:undefined disposed:false
490 silly placeDep ROOT call-bind-apply-helpers@1.0.2 OK for: call-bound@1.0.4 want: ^1.0.2
491 silly placeDep ROOT function-bind@1.1.2 OK for: call-bind-apply-helpers@1.0.2 want: ^1.1.2
492 silly placeDep ROOT es-define-property@1.0.1 OK for: get-intrinsic@1.3.0 want: ^1.0.1
493 silly placeDep ROOT es-object-atoms@1.1.1 OK for: get-intrinsic@1.3.0 want: ^1.1.1
494 silly placeDep ROOT get-proto@1.0.1 OK for: get-intrinsic@1.3.0 want: ^1.0.1
495 silly placeDep ROOT gopd@1.2.0 OK for: get-intrinsic@1.3.0 want: ^1.2.0
496 silly placeDep ROOT has-symbols@1.1.0 OK for: get-intrinsic@1.3.0 want: ^1.1.0
497 silly placeDep ROOT hasown@2.0.3 OK for: get-intrinsic@1.3.0 want: ^2.0.2
498 silly placeDep ROOT math-intrinsics@1.1.0 OK for: get-intrinsic@1.3.0 want: ^1.1.0
499 silly fetch manifest dunder-proto@^1.0.1
500 silly packumentCache full:https://registry.npmjs.org/dunder-proto cache-miss
501 http fetch GET 200 https://registry.npmjs.org/dunder-proto 43ms (cache miss)
502 silly packumentCache full:https://registry.npmjs.org/dunder-proto set size:undefined disposed:false
503 silly placeDep ROOT dunder-proto@1.0.1 OK for: get-proto@1.0.1 want: ^1.0.1
504 silly placeDep ROOT esbuild@0.27.7 OK for: tsx@4.21.0 want: ~0.27.0
505 silly placeDep node_modules/tsx fsevents@2.3.3 OK for: tsx@4.21.0 want: ~2.3.3
506 silly placeDep ROOT get-tsconfig@4.14.0 OK for: tsx@4.21.0 want: ^4.7.5
507 silly fetch manifest @esbuild/aix-ppc64@0.27.7
508 silly packumentCache full:https://registry.npmjs.org/@esbuild%2faix-ppc64 cache-miss
509 silly fetch manifest @esbuild/linux-arm@0.27.7
510 silly packumentCache full:https://registry.npmjs.org/@esbuild%2flinux-arm cache-miss
511 silly fetch manifest @esbuild/linux-x64@0.27.7
512 silly packumentCache full:https://registry.npmjs.org/@esbuild%2flinux-x64 cache-miss
513 silly fetch manifest @esbuild/sunos-x64@0.27.7
514 silly packumentCache full:https://registry.npmjs.org/@esbuild%2fsunos-x64 cache-miss
515 silly fetch manifest @esbuild/win32-x64@0.27.7
516 silly packumentCache full:https://registry.npmjs.org/@esbuild%2fwin32-x64 cache-miss
517 http fetch GET 200 https://registry.npmjs.org/@esbuild%2flinux-arm 119ms (cache miss)
518 silly packumentCache full:https://registry.npmjs.org/@esbuild%2flinux-arm set size:undefined disposed:false
519 silly fetch manifest @esbuild/darwin-x64@0.27.7
520 silly packumentCache full:https://registry.npmjs.org/@esbuild%2fdarwin-x64 cache-miss
521 http fetch GET 200 https://registry.npmjs.org/@esbuild%2faix-ppc64 157ms (cache miss)
522 silly packumentCache full:https://registry.npmjs.org/@esbuild%2faix-ppc64 set size:undefined disposed:false
523 silly fetch manifest @esbuild/linux-ia32@0.27.7
524 silly packumentCache full:https://registry.npmjs.org/@esbuild%2flinux-ia32 cache-miss
525 http fetch GET 200 https://registry.npmjs.org/@esbuild%2flinux-x64 174ms (cache miss)
526 silly packumentCache full:https://registry.npmjs.org/@esbuild%2flinux-x64 set size:undefined disposed:false
527 silly fetch manifest @esbuild/netbsd-x64@0.27.7
528 silly packumentCache full:https://registry.npmjs.org/@esbuild%2fnetbsd-x64 cache-miss
529 http fetch GET 200 https://registry.npmjs.org/@esbuild%2fwin32-x64 193ms (cache miss)
530 silly packumentCache full:https://registry.npmjs.org/@esbuild%2fwin32-x64 set size:undefined disposed:false
531 silly fetch manifest @esbuild/win32-ia32@0.27.7
532 silly packumentCache full:https://registry.npmjs.org/@esbuild%2fwin32-ia32 cache-miss
533 http fetch GET 200 https://registry.npmjs.org/@esbuild%2fdarwin-x64 103ms (cache miss)
534 silly packumentCache full:https://registry.npmjs.org/@esbuild%2fdarwin-x64 set size:undefined disposed:false
535 silly fetch manifest @esbuild/android-arm@0.27.7
536 silly packumentCache full:https://registry.npmjs.org/@esbuild%2fandroid-arm cache-miss
537 http fetch GET 200 https://registry.npmjs.org/@esbuild%2fsunos-x64 227ms (cache miss)
538 silly packumentCache full:https://registry.npmjs.org/@esbuild%2fsunos-x64 set size:undefined disposed:false
539 silly fetch manifest @esbuild/android-x64@0.27.7
540 silly packumentCache full:https://registry.npmjs.org/@esbuild%2fandroid-x64 cache-miss
541 http fetch GET 200 https://registry.npmjs.org/@esbuild%2fnetbsd-x64 135ms (cache miss)
542 silly packumentCache full:https://registry.npmjs.org/@esbuild%2fnetbsd-x64 set size:undefined disposed:false
543 silly fetch manifest @esbuild/freebsd-x64@0.27.7
544 silly packumentCache full:https://registry.npmjs.org/@esbuild%2ffreebsd-x64 cache-miss
545 http fetch GET 200 https://registry.npmjs.org/@esbuild%2flinux-ia32 173ms (cache miss)
546 silly packumentCache full:https://registry.npmjs.org/@esbuild%2flinux-ia32 set size:undefined disposed:false
547 silly fetch manifest @esbuild/linux-arm64@0.27.7
548 silly packumentCache full:https://registry.npmjs.org/@esbuild%2flinux-arm64 cache-miss
549 http fetch GET 200 https://registry.npmjs.org/@esbuild%2fandroid-arm 157ms (cache miss)
550 silly packumentCache full:https://registry.npmjs.org/@esbuild%2fandroid-arm set size:undefined disposed:false
551 silly fetch manifest @esbuild/linux-ppc64@0.27.7
552 silly packumentCache full:https://registry.npmjs.org/@esbuild%2flinux-ppc64 cache-miss
553 http fetch GET 200 https://registry.npmjs.org/@esbuild%2fwin32-ia32 195ms (cache miss)
554 silly packumentCache full:https://registry.npmjs.org/@esbuild%2fwin32-ia32 set size:undefined disposed:false
555 silly fetch manifest @esbuild/linux-s390x@0.27.7
556 silly packumentCache full:https://registry.npmjs.org/@esbuild%2flinux-s390x cache-miss
557 http fetch GET 200 https://registry.npmjs.org/@esbuild%2flinux-ppc64 93ms (cache miss)
558 silly packumentCache full:https://registry.npmjs.org/@esbuild%2flinux-ppc64 set size:undefined disposed:false
559 silly fetch manifest @esbuild/openbsd-x64@0.27.7
560 silly packumentCache full:https://registry.npmjs.org/@esbuild%2fopenbsd-x64 cache-miss
561 http fetch GET 200 https://registry.npmjs.org/@esbuild%2ffreebsd-x64 200ms (cache miss)
562 silly packumentCache full:https://registry.npmjs.org/@esbuild%2ffreebsd-x64 set size:undefined disposed:false
563 silly fetch manifest @esbuild/win32-arm64@0.27.7
564 silly packumentCache full:https://registry.npmjs.org/@esbuild%2fwin32-arm64 cache-miss
565 http fetch GET 200 https://registry.npmjs.org/@esbuild%2fandroid-x64 300ms (cache miss)
566 silly packumentCache full:https://registry.npmjs.org/@esbuild%2fandroid-x64 set size:undefined disposed:false
567 silly fetch manifest @esbuild/darwin-arm64@0.27.7
568 silly packumentCache full:https://registry.npmjs.org/@esbuild%2fdarwin-arm64 cache-miss
569 http fetch GET 200 https://registry.npmjs.org/@esbuild%2flinux-s390x 178ms (cache miss)
570 silly packumentCache full:https://registry.npmjs.org/@esbuild%2flinux-s390x set size:undefined disposed:false
571 silly fetch manifest @esbuild/netbsd-arm64@0.27.7
572 silly packumentCache full:https://registry.npmjs.org/@esbuild%2fnetbsd-arm64 cache-miss
573 http fetch GET 200 https://registry.npmjs.org/@esbuild%2flinux-arm64 247ms (cache miss)
574 silly packumentCache full:https://registry.npmjs.org/@esbuild%2flinux-arm64 set size:undefined disposed:false
575 silly fetch manifest @esbuild/android-arm64@0.27.7
576 silly packumentCache full:https://registry.npmjs.org/@esbuild%2fandroid-arm64 cache-miss
577 http fetch GET 200 https://registry.npmjs.org/@esbuild%2fopenbsd-x64 128ms (cache miss)
578 silly packumentCache full:https://registry.npmjs.org/@esbuild%2fopenbsd-x64 set size:undefined disposed:false
579 silly fetch manifest @esbuild/freebsd-arm64@0.27.7
580 silly packumentCache full:https://registry.npmjs.org/@esbuild%2ffreebsd-arm64 cache-miss
581 http fetch GET 200 https://registry.npmjs.org/@esbuild%2fnetbsd-arm64 81ms (cache miss)
582 silly packumentCache full:https://registry.npmjs.org/@esbuild%2fnetbsd-arm64 set size:undefined disposed:false
583 silly fetch manifest @esbuild/linux-loong64@0.27.7
584 silly packumentCache full:https://registry.npmjs.org/@esbuild%2flinux-loong64 cache-miss
585 http fetch GET 200 https://registry.npmjs.org/@esbuild%2fwin32-arm64 147ms (cache miss)
586 silly packumentCache full:https://registry.npmjs.org/@esbuild%2fwin32-arm64 set size:undefined disposed:false
587 silly fetch manifest @esbuild/linux-riscv64@0.27.7
588 silly packumentCache full:https://registry.npmjs.org/@esbuild%2flinux-riscv64 cache-miss
589 http fetch GET 200 https://registry.npmjs.org/@esbuild%2ffreebsd-arm64 113ms (cache miss)
590 silly packumentCache full:https://registry.npmjs.org/@esbuild%2ffreebsd-arm64 set size:undefined disposed:false
591 silly fetch manifest @esbuild/openbsd-arm64@0.27.7
592 silly packumentCache full:https://registry.npmjs.org/@esbuild%2fopenbsd-arm64 cache-miss
593 http fetch GET 200 https://registry.npmjs.org/@esbuild%2fdarwin-arm64 300ms (cache miss)
594 silly packumentCache full:https://registry.npmjs.org/@esbuild%2fdarwin-arm64 set size:undefined disposed:false
595 silly fetch manifest @esbuild/linux-mips64el@0.27.7
596 silly packumentCache full:https://registry.npmjs.org/@esbuild%2flinux-mips64el cache-miss
597 http fetch GET 200 https://registry.npmjs.org/@esbuild%2flinux-riscv64 179ms (cache miss)
598 silly packumentCache full:https://registry.npmjs.org/@esbuild%2flinux-riscv64 set size:undefined disposed:false
599 silly fetch manifest @esbuild/openharmony-arm64@0.27.7
600 silly packumentCache full:https://registry.npmjs.org/@esbuild%2fopenharmony-arm64 cache-miss
601 http fetch GET 200 https://registry.npmjs.org/@esbuild%2fandroid-arm64 265ms (cache miss)
602 silly packumentCache full:https://registry.npmjs.org/@esbuild%2fandroid-arm64 set size:undefined disposed:false
603 silly fetch manifest resolve-pkg-maps@^1.0.0
604 silly packumentCache full:https://registry.npmjs.org/resolve-pkg-maps cache-miss
605 http fetch GET 200 https://registry.npmjs.org/@esbuild%2fopenbsd-arm64 125ms (cache miss)
606 silly packumentCache full:https://registry.npmjs.org/@esbuild%2fopenbsd-arm64 set size:undefined disposed:false
607 http fetch GET 200 https://registry.npmjs.org/@esbuild%2flinux-loong64 198ms (cache miss)
608 silly packumentCache full:https://registry.npmjs.org/@esbuild%2flinux-loong64 set size:undefined disposed:false
609 http fetch GET 200 https://registry.npmjs.org/resolve-pkg-maps 43ms (cache miss)
610 silly packumentCache full:https://registry.npmjs.org/resolve-pkg-maps set size:undefined disposed:false
611 http fetch GET 200 https://registry.npmjs.org/@esbuild%2fopenharmony-arm64 66ms (cache miss)
612 silly packumentCache full:https://registry.npmjs.org/@esbuild%2fopenharmony-arm64 set size:undefined disposed:false
613 http fetch GET 200 https://registry.npmjs.org/@esbuild%2flinux-mips64el 172ms (cache miss)
614 silly packumentCache full:https://registry.npmjs.org/@esbuild%2flinux-mips64el set size:undefined disposed:false
615 silly placeDep ROOT @esbuild/aix-ppc64@0.27.7 OK for: esbuild@0.27.7 want: 0.27.7
616 silly placeDep ROOT @esbuild/android-arm@0.27.7 OK for: esbuild@0.27.7 want: 0.27.7
617 silly placeDep ROOT @esbuild/android-arm64@0.27.7 OK for: esbuild@0.27.7 want: 0.27.7
618 silly placeDep ROOT @esbuild/android-x64@0.27.7 OK for: esbuild@0.27.7 want: 0.27.7
619 silly placeDep ROOT @esbuild/darwin-arm64@0.27.7 OK for: esbuild@0.27.7 want: 0.27.7
620 silly placeDep ROOT @esbuild/darwin-x64@0.27.7 OK for: esbuild@0.27.7 want: 0.27.7
621 silly placeDep ROOT @esbuild/freebsd-arm64@0.27.7 OK for: esbuild@0.27.7 want: 0.27.7
622 silly placeDep ROOT @esbuild/freebsd-x64@0.27.7 OK for: esbuild@0.27.7 want: 0.27.7
623 silly placeDep ROOT @esbuild/linux-arm@0.27.7 OK for: esbuild@0.27.7 want: 0.27.7
624 silly placeDep ROOT @esbuild/linux-arm64@0.27.7 OK for: esbuild@0.27.7 want: 0.27.7
625 silly placeDep ROOT @esbuild/linux-ia32@0.27.7 OK for: esbuild@0.27.7 want: 0.27.7
626 silly placeDep ROOT @esbuild/linux-loong64@0.27.7 OK for: esbuild@0.27.7 want: 0.27.7
627 silly placeDep ROOT @esbuild/linux-mips64el@0.27.7 OK for: esbuild@0.27.7 want: 0.27.7
628 silly placeDep ROOT @esbuild/linux-ppc64@0.27.7 OK for: esbuild@0.27.7 want: 0.27.7
629 silly placeDep ROOT @esbuild/linux-riscv64@0.27.7 OK for: esbuild@0.27.7 want: 0.27.7
630 silly placeDep ROOT @esbuild/linux-s390x@0.27.7 OK for: esbuild@0.27.7 want: 0.27.7
631 silly placeDep ROOT @esbuild/linux-x64@0.27.7 OK for: esbuild@0.27.7 want: 0.27.7
632 silly placeDep ROOT @esbuild/netbsd-arm64@0.27.7 OK for: esbuild@0.27.7 want: 0.27.7
633 silly placeDep ROOT @esbuild/netbsd-x64@0.27.7 OK for: esbuild@0.27.7 want: 0.27.7
634 silly placeDep ROOT @esbuild/openbsd-arm64@0.27.7 OK for: esbuild@0.27.7 want: 0.27.7
635 silly placeDep ROOT @esbuild/openbsd-x64@0.27.7 OK for: esbuild@0.27.7 want: 0.27.7
636 silly placeDep ROOT @esbuild/openharmony-arm64@0.27.7 OK for: esbuild@0.27.7 want: 0.27.7
637 silly placeDep ROOT @esbuild/sunos-x64@0.27.7 OK for: esbuild@0.27.7 want: 0.27.7
638 silly placeDep ROOT @esbuild/win32-arm64@0.27.7 OK for: esbuild@0.27.7 want: 0.27.7
639 silly placeDep ROOT @esbuild/win32-ia32@0.27.7 OK for: esbuild@0.27.7 want: 0.27.7
640 silly placeDep ROOT @esbuild/win32-x64@0.27.7 OK for: esbuild@0.27.7 want: 0.27.7
641 silly placeDep ROOT resolve-pkg-maps@1.0.0 OK for: get-tsconfig@4.14.0 want: ^1.0.0
642 silly placeDep ROOT media-typer@0.3.0 OK for: type-is@1.6.18 want: 0.3.0
643 silly reify moves {}
644 silly audit bulk request {
644 silly audit   '@types/express': [ '5.0.6' ],
644 silly audit   dotenv: [ '17.4.2' ],
644 silly audit   express: [ '4.22.1' ],
644 silly audit   playwright: [ '1.59.1' ],
644 silly audit   tsx: [ '4.21.0' ],
644 silly audit   typescript: [ '5.9.3' ],
644 silly audit   '@types/body-parser': [ '1.19.6' ],
644 silly audit   '@types/express-serve-static-core': [ '5.1.1' ],
644 silly audit   '@types/serve-static': [ '2.2.0' ],
644 silly audit   '@types/connect': [ '3.4.38' ],
644 silly audit   '@types/node': [ '25.6.0' ],
644 silly audit   '@types/qs': [ '6.15.0' ],
644 silly audit   '@types/range-parser': [ '1.2.7' ],
644 silly audit   '@types/send': [ '1.2.1' ],
644 silly audit   'undici-types': [ '7.19.2' ],
644 silly audit   '@types/http-errors': [ '2.0.5' ],
644 silly audit   accepts: [ '1.3.8' ],
644 silly audit   'array-flatten': [ '1.1.1' ],
644 silly audit   'body-parser': [ '1.20.5' ],
644 silly audit   'content-disposition': [ '0.5.4' ],
644 silly audit   'content-type': [ '1.0.5' ],
644 silly audit   cookie: [ '0.7.2' ],
644 silly audit   'cookie-signature': [ '1.0.7' ],
644 silly audit   debug: [ '2.6.9' ],
644 silly audit   depd: [ '2.0.0' ],
644 silly audit   encodeurl: [ '2.0.0' ],
644 silly audit   'escape-html': [ '1.0.3' ],
644 silly audit   etag: [ '1.8.1' ],
644 silly audit   finalhandler: [ '1.3.2' ],
644 silly audit   fresh: [ '0.5.2' ],
644 silly audit   'http-errors': [ '2.0.1' ],
644 silly audit   'merge-descriptors': [ '1.0.3' ],
644 silly audit   methods: [ '1.1.2' ],
644 silly audit   'on-finished': [ '2.4.1' ],
644 silly audit   parseurl: [ '1.3.3' ],
644 silly audit   'path-to-regexp': [ '0.1.13' ],
644 silly audit   'proxy-addr': [ '2.0.7' ],
644 silly audit   qs: [ '6.14.2', '6.15.1' ],
644 silly audit   'range-parser': [ '1.2.1' ],
644 silly audit   'safe-buffer': [ '5.2.1' ],
644 silly audit   send: [ '0.19.2' ],
644 silly audit   'serve-static': [ '1.16.3' ],
644 silly audit   setprototypeof: [ '1.2.0' ],
644 silly audit   statuses: [ '2.0.2' ],
644 silly audit   'type-is': [ '1.6.18' ],
644 silly audit   'utils-merge': [ '1.0.1' ],
644 silly audit   vary: [ '1.1.2' ],
644 silly audit   'mime-types': [ '2.1.35' ],
644 silly audit   negotiator: [ '0.6.3' ],
644 silly audit   bytes: [ '3.1.2' ],
644 silly audit   destroy: [ '1.2.0' ],
644 silly audit   'iconv-lite': [ '0.4.24' ],
644 silly audit   'raw-body': [ '2.5.3' ],
644 silly audit   unpipe: [ '1.0.0' ],
644 silly audit   ms: [ '2.0.0', '2.1.3' ],
644 silly audit   inherits: [ '2.0.4' ],
644 silly audit   toidentifier: [ '1.0.1' ],
644 silly audit   'safer-buffer': [ '2.1.2' ],
644 silly audit   'mime-db': [ '1.52.0' ],
644 silly audit   'ee-first': [ '1.1.1' ],
644 silly audit   fsevents: [ '2.3.2', '2.3.3' ],
644 silly audit   'playwright-core': [ '1.59.1' ],
644 silly audit   forwarded: [ '0.2.0' ],
644 silly audit   'ipaddr.js': [ '1.9.1' ],
644 silly audit   'side-channel': [ '1.1.0' ],
644 silly audit   mime: [ '1.6.0' ],
644 silly audit   'es-errors': [ '1.3.0' ],
644 silly audit   'object-inspect': [ '1.13.4' ],
644 silly audit   'side-channel-list': [ '1.0.1' ],
644 silly audit   'side-channel-map': [ '1.0.1' ],
644 silly audit   'side-channel-weakmap': [ '1.0.2' ],
644 silly audit   'call-bound': [ '1.0.4' ],
644 silly audit   'get-intrinsic': [ '1.3.0' ],
644 silly audit   'call-bind-apply-helpers': [ '1.0.2' ],
644 silly audit   'function-bind': [ '1.1.2' ],
644 silly audit   'es-define-property': [ '1.0.1' ],
644 silly audit   'es-object-atoms': [ '1.1.1' ],
644 silly audit   'get-proto': [ '1.0.1' ],
644 silly audit   gopd: [ '1.2.0' ],
644 silly audit   'has-symbols': [ '1.1.0' ],
644 silly audit   hasown: [ '2.0.3' ],
644 silly audit   'math-intrinsics': [ '1.1.0' ],
644 silly audit   'dunder-proto': [ '1.0.1' ],
644 silly audit   esbuild: [ '0.27.7' ],
644 silly audit   'get-tsconfig': [ '4.14.0' ],
644 silly audit   '@esbuild/aix-ppc64': [ '0.27.7' ],
644 silly audit   '@esbuild/android-arm': [ '0.27.7' ],
644 silly audit   '@esbuild/android-arm64': [ '0.27.7' ],
644 silly audit   '@esbuild/android-x64': [ '0.27.7' ],
644 silly audit   '@esbuild/darwin-arm64': [ '0.27.7' ],
644 silly audit   '@esbuild/darwin-x64': [ '0.27.7' ],
644 silly audit   '@esbuild/freebsd-arm64': [ '0.27.7' ],
644 silly audit   '@esbuild/freebsd-x64': [ '0.27.7' ],
644 silly audit   '@esbuild/linux-arm': [ '0.27.7' ],
644 silly audit   '@esbuild/linux-arm64': [ '0.27.7' ],
644 silly audit   '@esbuild/linux-ia32': [ '0.27.7' ],
644 silly audit   '@esbuild/linux-loong64': [ '0.27.7' ],
644 silly audit   '@esbuild/linux-mips64el': [ '0.27.7' ],
644 silly audit   '@esbuild/linux-ppc64': [ '0.27.7' ],
644 silly audit   '@esbuild/linux-riscv64': [ '0.27.7' ],
644 silly audit   '@esbuild/linux-s390x': [ '0.27.7' ],
644 silly audit   '@esbuild/linux-x64': [ '0.27.7' ],
644 silly audit   '@esbuild/netbsd-arm64': [ '0.27.7' ],
644 silly audit   '@esbuild/netbsd-x64': [ '0.27.7' ],
644 silly audit   '@esbuild/openbsd-arm64': [ '0.27.7' ],
644 silly audit   '@esbuild/openbsd-x64': [ '0.27.7' ],
644 silly audit   '@esbuild/openharmony-arm64': [ '0.27.7' ],
644 silly audit   '@esbuild/sunos-x64': [ '0.27.7' ],
644 silly audit   '@esbuild/win32-arm64': [ '0.27.7' ],
644 silly audit   '@esbuild/win32-ia32': [ '0.27.7' ],
644 silly audit   '@esbuild/win32-x64': [ '0.27.7' ],
644 silly audit   'resolve-pkg-maps': [ '1.0.0' ],
644 silly audit   'media-typer': [ '0.3.0' ]
644 silly audit }
645 http cache @esbuild/win32-x64@https://registry.npmjs.org/@esbuild/win32-x64/-/win32-x64-0.27.7.tgz 0ms (cache hit)
646 http cache media-typer@https://registry.npmjs.org/media-typer/-/media-typer-0.3.0.tgz 0ms (cache hit)
647 http cache esbuild@https://registry.npmjs.org/esbuild/-/esbuild-0.27.7.tgz 0ms (cache hit)
648 http cache resolve-pkg-maps@https://registry.npmjs.org/resolve-pkg-maps/-/resolve-pkg-maps-1.0.0.tgz 0ms (cache hit)
649 http cache dunder-proto@https://registry.npmjs.org/dunder-proto/-/dunder-proto-1.0.1.tgz 0ms (cache hit)
650 http cache get-tsconfig@https://registry.npmjs.org/get-tsconfig/-/get-tsconfig-4.14.0.tgz 0ms (cache hit)
651 http cache hasown@https://registry.npmjs.org/hasown/-/hasown-2.0.3.tgz 0ms (cache hit)
652 http cache math-intrinsics@https://registry.npmjs.org/math-intrinsics/-/math-intrinsics-1.1.0.tgz 0ms (cache hit)
653 http cache has-symbols@https://registry.npmjs.org/has-symbols/-/has-symbols-1.1.0.tgz 0ms (cache hit)
654 http cache gopd@https://registry.npmjs.org/gopd/-/gopd-1.2.0.tgz 0ms (cache hit)
655 http cache get-proto@https://registry.npmjs.org/get-proto/-/get-proto-1.0.1.tgz 0ms (cache hit)
656 http cache es-object-atoms@https://registry.npmjs.org/es-object-atoms/-/es-object-atoms-1.1.1.tgz 0ms (cache hit)
657 http cache es-define-property@https://registry.npmjs.org/es-define-property/-/es-define-property-1.0.1.tgz 0ms (cache hit)
658 http cache function-bind@https://registry.npmjs.org/function-bind/-/function-bind-1.1.2.tgz 0ms (cache hit)
659 http cache call-bind-apply-helpers@https://registry.npmjs.org/call-bind-apply-helpers/-/call-bind-apply-helpers-1.0.2.tgz 0ms (cache hit)
660 http cache get-intrinsic@https://registry.npmjs.org/get-intrinsic/-/get-intrinsic-1.3.0.tgz 0ms (cache hit)
661 http cache side-channel-map@https://registry.npmjs.org/side-channel-map/-/side-channel-map-1.0.1.tgz 0ms (cache hit)
662 http cache object-inspect@https://registry.npmjs.org/object-inspect/-/object-inspect-1.13.4.tgz 0ms (cache hit)
663 http cache call-bound@https://registry.npmjs.org/call-bound/-/call-bound-1.0.4.tgz 0ms (cache hit)
664 http cache side-channel-list@https://registry.npmjs.org/side-channel-list/-/side-channel-list-1.0.1.tgz 0ms (cache hit)
665 http cache mime@https://registry.npmjs.org/mime/-/mime-1.6.0.tgz 0ms (cache hit)
666 http cache es-errors@https://registry.npmjs.org/es-errors/-/es-errors-1.3.0.tgz 0ms (cache hit)
667 http cache side-channel@https://registry.npmjs.org/side-channel/-/side-channel-1.1.0.tgz 0ms (cache hit)
668 http cache ipaddr.js@https://registry.npmjs.org/ipaddr.js/-/ipaddr.js-1.9.1.tgz 0ms (cache hit)
669 http cache forwarded@https://registry.npmjs.org/forwarded/-/forwarded-0.2.0.tgz 0ms (cache hit)
670 http cache ee-first@https://registry.npmjs.org/ee-first/-/ee-first-1.1.1.tgz 0ms (cache hit)
671 http cache mime-db@https://registry.npmjs.org/mime-db/-/mime-db-1.52.0.tgz 0ms (cache hit)
672 http cache playwright-core@https://registry.npmjs.org/playwright-core/-/playwright-core-1.59.1.tgz 0ms (cache hit)
673 http cache safer-buffer@https://registry.npmjs.org/safer-buffer/-/safer-buffer-2.1.2.tgz 0ms (cache hit)
674 http cache toidentifier@https://registry.npmjs.org/toidentifier/-/toidentifier-1.0.1.tgz 0ms (cache hit)
675 http cache inherits@https://registry.npmjs.org/inherits/-/inherits-2.0.4.tgz 0ms (cache hit)
676 http cache side-channel-weakmap@https://registry.npmjs.org/side-channel-weakmap/-/side-channel-weakmap-1.0.2.tgz 0ms (cache hit)
677 http cache raw-body@https://registry.npmjs.org/raw-body/-/raw-body-2.5.3.tgz 0ms (cache hit)
678 http cache unpipe@https://registry.npmjs.org/unpipe/-/unpipe-1.0.0.tgz 0ms (cache hit)
679 http cache ms@https://registry.npmjs.org/ms/-/ms-2.0.0.tgz 0ms (cache hit)
680 http cache iconv-lite@https://registry.npmjs.org/iconv-lite/-/iconv-lite-0.4.24.tgz 0ms (cache hit)
681 http cache destroy@https://registry.npmjs.org/destroy/-/destroy-1.2.0.tgz 0ms (cache hit)
682 http cache bytes@https://registry.npmjs.org/bytes/-/bytes-3.1.2.tgz 0ms (cache hit)
683 http cache negotiator@https://registry.npmjs.org/negotiator/-/negotiator-0.6.3.tgz 0ms (cache hit)
684 http cache mime-types@https://registry.npmjs.org/mime-types/-/mime-types-2.1.35.tgz 0ms (cache hit)
685 http cache utils-merge@https://registry.npmjs.org/utils-merge/-/utils-merge-1.0.1.tgz 0ms (cache hit)
686 http cache vary@https://registry.npmjs.org/vary/-/vary-1.1.2.tgz 0ms (cache hit)
687 http cache type-is@https://registry.npmjs.org/type-is/-/type-is-1.6.18.tgz 0ms (cache hit)
688 http cache statuses@https://registry.npmjs.org/statuses/-/statuses-2.0.2.tgz 0ms (cache hit)
689 http cache setprototypeof@https://registry.npmjs.org/setprototypeof/-/setprototypeof-1.2.0.tgz 0ms (cache hit)
690 http cache serve-static@https://registry.npmjs.org/serve-static/-/serve-static-1.16.3.tgz 0ms (cache hit)
691 http cache send@https://registry.npmjs.org/send/-/send-0.19.2.tgz 0ms (cache hit)
692 http cache safe-buffer@https://registry.npmjs.org/safe-buffer/-/safe-buffer-5.2.1.tgz 0ms (cache hit)
693 http cache range-parser@https://registry.npmjs.org/range-parser/-/range-parser-1.2.1.tgz 0ms (cache hit)
694 http cache qs@https://registry.npmjs.org/qs/-/qs-6.14.2.tgz 0ms (cache hit)
695 http cache proxy-addr@https://registry.npmjs.org/proxy-addr/-/proxy-addr-2.0.7.tgz 0ms (cache hit)
696 http cache path-to-regexp@https://registry.npmjs.org/path-to-regexp/-/path-to-regexp-0.1.13.tgz 0ms (cache hit)
697 http cache parseurl@https://registry.npmjs.org/parseurl/-/parseurl-1.3.3.tgz 0ms (cache hit)
698 http cache on-finished@https://registry.npmjs.org/on-finished/-/on-finished-2.4.1.tgz 0ms (cache hit)
699 http cache methods@https://registry.npmjs.org/methods/-/methods-1.1.2.tgz 0ms (cache hit)
700 http cache merge-descriptors@https://registry.npmjs.org/merge-descriptors/-/merge-descriptors-1.0.3.tgz 0ms (cache hit)
701 http cache http-errors@https://registry.npmjs.org/http-errors/-/http-errors-2.0.1.tgz 0ms (cache hit)
702 http cache fresh@https://registry.npmjs.org/fresh/-/fresh-0.5.2.tgz 0ms (cache hit)
703 http cache finalhandler@https://registry.npmjs.org/finalhandler/-/finalhandler-1.3.2.tgz 0ms (cache hit)
704 http cache etag@https://registry.npmjs.org/etag/-/etag-1.8.1.tgz 0ms (cache hit)
705 http cache escape-html@https://registry.npmjs.org/escape-html/-/escape-html-1.0.3.tgz 0ms (cache hit)
706 http cache encodeurl@https://registry.npmjs.org/encodeurl/-/encodeurl-2.0.0.tgz 0ms (cache hit)
707 http cache debug@https://registry.npmjs.org/debug/-/debug-2.6.9.tgz 0ms (cache hit)
708 http cache depd@https://registry.npmjs.org/depd/-/depd-2.0.0.tgz 0ms (cache hit)
709 http cache cookie-signature@https://registry.npmjs.org/cookie-signature/-/cookie-signature-1.0.7.tgz 0ms (cache hit)
710 http cache cookie@https://registry.npmjs.org/cookie/-/cookie-0.7.2.tgz 0ms (cache hit)
711 http cache content-type@https://registry.npmjs.org/content-type/-/content-type-1.0.5.tgz 0ms (cache hit)
712 http cache content-disposition@https://registry.npmjs.org/content-disposition/-/content-disposition-0.5.4.tgz 0ms (cache hit)
713 http cache body-parser@https://registry.npmjs.org/body-parser/-/body-parser-1.20.5.tgz 0ms (cache hit)
714 http cache @types/http-errors@https://registry.npmjs.org/@types/http-errors/-/http-errors-2.0.5.tgz 0ms (cache hit)
715 http cache @types/send@https://registry.npmjs.org/@types/send/-/send-1.2.1.tgz 0ms (cache hit)
716 http cache @types/range-parser@https://registry.npmjs.org/@types/range-parser/-/range-parser-1.2.7.tgz 0ms (cache hit)
717 http cache @types/qs@https://registry.npmjs.org/@types/qs/-/qs-6.15.0.tgz 0ms (cache hit)
718 http cache @types/connect@https://registry.npmjs.org/@types/connect/-/connect-3.4.38.tgz 0ms (cache hit)
719 http cache @types/node@https://registry.npmjs.org/@types/node/-/node-25.6.0.tgz 0ms (cache hit)
720 http cache @types/serve-static@https://registry.npmjs.org/@types/serve-static/-/serve-static-2.2.0.tgz 0ms (cache hit)
721 http cache array-flatten@https://registry.npmjs.org/array-flatten/-/array-flatten-1.1.1.tgz 0ms (cache hit)
722 http cache @types/body-parser@https://registry.npmjs.org/@types/body-parser/-/body-parser-1.19.6.tgz 0ms (cache hit)
723 http cache accepts@https://registry.npmjs.org/accepts/-/accepts-1.3.8.tgz 0ms (cache hit)
724 http cache @types/express-serve-static-core@https://registry.npmjs.org/@types/express-serve-static-core/-/express-serve-static-core-5.1.1.tgz 0ms (cache hit)
725 http cache undici-types@https://registry.npmjs.org/undici-types/-/undici-types-7.19.2.tgz 0ms (cache hit)
726 http cache typescript@https://registry.npmjs.org/typescript/-/typescript-5.9.3.tgz 0ms (cache hit)
727 http cache tsx@https://registry.npmjs.org/tsx/-/tsx-4.21.0.tgz 0ms (cache hit)
728 http cache express@https://registry.npmjs.org/express/-/express-4.22.1.tgz 0ms (cache hit)
729 http cache @types/express@https://registry.npmjs.org/@types/express/-/express-5.0.6.tgz 0ms (cache hit)
730 http cache ms@https://registry.npmjs.org/ms/-/ms-2.1.3.tgz 0ms (cache hit)
731 http cache playwright@https://registry.npmjs.org/playwright/-/playwright-1.59.1.tgz 0ms (cache hit)
732 silly tarball no local data for @esbuild/win32-x64@https://registry.npmjs.org/@esbuild/win32-x64/-/win32-x64-0.27.7.tgz. Extracting by manifest.
733 http cache qs@https://registry.npmjs.org/qs/-/qs-6.15.1.tgz 0ms (cache hit)
734 silly tarball no local data for media-typer@https://registry.npmjs.org/media-typer/-/media-typer-0.3.0.tgz. Extracting by manifest.
735 silly tarball no local data for esbuild@https://registry.npmjs.org/esbuild/-/esbuild-0.27.7.tgz. Extracting by manifest.
736 silly tarball no local data for resolve-pkg-maps@https://registry.npmjs.org/resolve-pkg-maps/-/resolve-pkg-maps-1.0.0.tgz. Extracting by manifest.
737 http cache dotenv@https://registry.npmjs.org/dotenv/-/dotenv-17.4.2.tgz 0ms (cache hit)
738 silly tarball no local data for dunder-proto@https://registry.npmjs.org/dunder-proto/-/dunder-proto-1.0.1.tgz. Extracting by manifest.
739 silly tarball no local data for get-tsconfig@https://registry.npmjs.org/get-tsconfig/-/get-tsconfig-4.14.0.tgz. Extracting by manifest.
740 silly tarball no local data for hasown@https://registry.npmjs.org/hasown/-/hasown-2.0.3.tgz. Extracting by manifest.
741 silly tarball no local data for math-intrinsics@https://registry.npmjs.org/math-intrinsics/-/math-intrinsics-1.1.0.tgz. Extracting by manifest.
742 silly tarball no local data for has-symbols@https://registry.npmjs.org/has-symbols/-/has-symbols-1.1.0.tgz. Extracting by manifest.
743 silly tarball no local data for gopd@https://registry.npmjs.org/gopd/-/gopd-1.2.0.tgz. Extracting by manifest.
744 silly tarball no local data for get-proto@https://registry.npmjs.org/get-proto/-/get-proto-1.0.1.tgz. Extracting by manifest.
745 silly tarball no local data for es-object-atoms@https://registry.npmjs.org/es-object-atoms/-/es-object-atoms-1.1.1.tgz. Extracting by manifest.
746 silly tarball no local data for es-define-property@https://registry.npmjs.org/es-define-property/-/es-define-property-1.0.1.tgz. Extracting by manifest.
747 silly tarball no local data for function-bind@https://registry.npmjs.org/function-bind/-/function-bind-1.1.2.tgz. Extracting by manifest.
748 silly tarball no local data for call-bind-apply-helpers@https://registry.npmjs.org/call-bind-apply-helpers/-/call-bind-apply-helpers-1.0.2.tgz. Extracting by manifest.
749 silly tarball no local data for get-intrinsic@https://registry.npmjs.org/get-intrinsic/-/get-intrinsic-1.3.0.tgz. Extracting by manifest.
750 silly tarball no local data for side-channel-map@https://registry.npmjs.org/side-channel-map/-/side-channel-map-1.0.1.tgz. Extracting by manifest.
751 silly tarball no local data for object-inspect@https://registry.npmjs.org/object-inspect/-/object-inspect-1.13.4.tgz. Extracting by manifest.
752 silly tarball no local data for call-bound@https://registry.npmjs.org/call-bound/-/call-bound-1.0.4.tgz. Extracting by manifest.
753 silly tarball no local data for side-channel-list@https://registry.npmjs.org/side-channel-list/-/side-channel-list-1.0.1.tgz. Extracting by manifest.
754 silly tarball no local data for mime@https://registry.npmjs.org/mime/-/mime-1.6.0.tgz. Extracting by manifest.
755 silly tarball no local data for es-errors@https://registry.npmjs.org/es-errors/-/es-errors-1.3.0.tgz. Extracting by manifest.
756 silly tarball no local data for side-channel@https://registry.npmjs.org/side-channel/-/side-channel-1.1.0.tgz. Extracting by manifest.
757 silly tarball no local data for ipaddr.js@https://registry.npmjs.org/ipaddr.js/-/ipaddr.js-1.9.1.tgz. Extracting by manifest.
758 silly tarball no local data for forwarded@https://registry.npmjs.org/forwarded/-/forwarded-0.2.0.tgz. Extracting by manifest.
759 silly tarball no local data for ee-first@https://registry.npmjs.org/ee-first/-/ee-first-1.1.1.tgz. Extracting by manifest.
760 silly tarball no local data for mime-db@https://registry.npmjs.org/mime-db/-/mime-db-1.52.0.tgz. Extracting by manifest.
761 silly tarball no local data for playwright-core@https://registry.npmjs.org/playwright-core/-/playwright-core-1.59.1.tgz. Extracting by manifest.
762 silly tarball no local data for safer-buffer@https://registry.npmjs.org/safer-buffer/-/safer-buffer-2.1.2.tgz. Extracting by manifest.
763 silly tarball no local data for toidentifier@https://registry.npmjs.org/toidentifier/-/toidentifier-1.0.1.tgz. Extracting by manifest.
764 silly tarball no local data for inherits@https://registry.npmjs.org/inherits/-/inherits-2.0.4.tgz. Extracting by manifest.
765 silly tarball no local data for side-channel-weakmap@https://registry.npmjs.org/side-channel-weakmap/-/side-channel-weakmap-1.0.2.tgz. Extracting by manifest.
766 silly tarball no local data for raw-body@https://registry.npmjs.org/raw-body/-/raw-body-2.5.3.tgz. Extracting by manifest.
767 silly tarball no local data for unpipe@https://registry.npmjs.org/unpipe/-/unpipe-1.0.0.tgz. Extracting by manifest.
768 silly tarball no local data for ms@https://registry.npmjs.org/ms/-/ms-2.0.0.tgz. Extracting by manifest.
769 silly tarball no local data for iconv-lite@https://registry.npmjs.org/iconv-lite/-/iconv-lite-0.4.24.tgz. Extracting by manifest.
770 silly tarball no local data for destroy@https://registry.npmjs.org/destroy/-/destroy-1.2.0.tgz. Extracting by manifest.
771 silly tarball no local data for bytes@https://registry.npmjs.org/bytes/-/bytes-3.1.2.tgz. Extracting by manifest.
772 silly tarball no local data for negotiator@https://registry.npmjs.org/negotiator/-/negotiator-0.6.3.tgz. Extracting by manifest.
773 silly tarball no local data for mime-types@https://registry.npmjs.org/mime-types/-/mime-types-2.1.35.tgz. Extracting by manifest.
774 silly tarball no local data for utils-merge@https://registry.npmjs.org/utils-merge/-/utils-merge-1.0.1.tgz. Extracting by manifest.
775 silly tarball no local data for vary@https://registry.npmjs.org/vary/-/vary-1.1.2.tgz. Extracting by manifest.
776 silly tarball no local data for type-is@https://registry.npmjs.org/type-is/-/type-is-1.6.18.tgz. Extracting by manifest.
777 silly tarball no local data for statuses@https://registry.npmjs.org/statuses/-/statuses-2.0.2.tgz. Extracting by manifest.
778 silly tarball no local data for setprototypeof@https://registry.npmjs.org/setprototypeof/-/setprototypeof-1.2.0.tgz. Extracting by manifest.
779 silly tarball no local data for serve-static@https://registry.npmjs.org/serve-static/-/serve-static-1.16.3.tgz. Extracting by manifest.
780 silly tarball no local data for send@https://registry.npmjs.org/send/-/send-0.19.2.tgz. Extracting by manifest.
781 silly tarball no local data for safe-buffer@https://registry.npmjs.org/safe-buffer/-/safe-buffer-5.2.1.tgz. Extracting by manifest.
782 silly tarball no local data for range-parser@https://registry.npmjs.org/range-parser/-/range-parser-1.2.1.tgz. Extracting by manifest.
783 silly tarball no local data for qs@https://registry.npmjs.org/qs/-/qs-6.14.2.tgz. Extracting by manifest.
784 silly tarball no local data for proxy-addr@https://registry.npmjs.org/proxy-addr/-/proxy-addr-2.0.7.tgz. Extracting by manifest.
785 silly tarball no local data for path-to-regexp@https://registry.npmjs.org/path-to-regexp/-/path-to-regexp-0.1.13.tgz. Extracting by manifest.
786 silly tarball no local data for parseurl@https://registry.npmjs.org/parseurl/-/parseurl-1.3.3.tgz. Extracting by manifest.
787 silly tarball no local data for on-finished@https://registry.npmjs.org/on-finished/-/on-finished-2.4.1.tgz. Extracting by manifest.
788 silly tarball no local data for methods@https://registry.npmjs.org/methods/-/methods-1.1.2.tgz. Extracting by manifest.
789 silly tarball no local data for merge-descriptors@https://registry.npmjs.org/merge-descriptors/-/merge-descriptors-1.0.3.tgz. Extracting by manifest.
790 silly tarball no local data for http-errors@https://registry.npmjs.org/http-errors/-/http-errors-2.0.1.tgz. Extracting by manifest.
791 silly tarball no local data for fresh@https://registry.npmjs.org/fresh/-/fresh-0.5.2.tgz. Extracting by manifest.
792 silly tarball no local data for finalhandler@https://registry.npmjs.org/finalhandler/-/finalhandler-1.3.2.tgz. Extracting by manifest.
793 silly tarball no local data for etag@https://registry.npmjs.org/etag/-/etag-1.8.1.tgz. Extracting by manifest.
794 silly tarball no local data for escape-html@https://registry.npmjs.org/escape-html/-/escape-html-1.0.3.tgz. Extracting by manifest.
795 silly tarball no local data for encodeurl@https://registry.npmjs.org/encodeurl/-/encodeurl-2.0.0.tgz. Extracting by manifest.
796 silly tarball no local data for debug@https://registry.npmjs.org/debug/-/debug-2.6.9.tgz. Extracting by manifest.
797 silly tarball no local data for depd@https://registry.npmjs.org/depd/-/depd-2.0.0.tgz. Extracting by manifest.
798 silly tarball no local data for cookie-signature@https://registry.npmjs.org/cookie-signature/-/cookie-signature-1.0.7.tgz. Extracting by manifest.
799 silly tarball no local data for cookie@https://registry.npmjs.org/cookie/-/cookie-0.7.2.tgz. Extracting by manifest.
800 silly tarball no local data for content-type@https://registry.npmjs.org/content-type/-/content-type-1.0.5.tgz. Extracting by manifest.
801 silly tarball no local data for content-disposition@https://registry.npmjs.org/content-disposition/-/content-disposition-0.5.4.tgz. Extracting by manifest.
802 silly tarball no local data for body-parser@https://registry.npmjs.org/body-parser/-/body-parser-1.20.5.tgz. Extracting by manifest.
803 silly tarball no local data for @types/http-errors@https://registry.npmjs.org/@types/http-errors/-/http-errors-2.0.5.tgz. Extracting by manifest.
804 silly tarball no local data for @types/send@https://registry.npmjs.org/@types/send/-/send-1.2.1.tgz. Extracting by manifest.
805 silly tarball no local data for @types/range-parser@https://registry.npmjs.org/@types/range-parser/-/range-parser-1.2.7.tgz. Extracting by manifest.
806 silly tarball no local data for @types/qs@https://registry.npmjs.org/@types/qs/-/qs-6.15.0.tgz. Extracting by manifest.
807 silly tarball no local data for @types/connect@https://registry.npmjs.org/@types/connect/-/connect-3.4.38.tgz. Extracting by manifest.
808 silly tarball no local data for @types/node@https://registry.npmjs.org/@types/node/-/node-25.6.0.tgz. Extracting by manifest.
809 silly tarball no local data for @types/serve-static@https://registry.npmjs.org/@types/serve-static/-/serve-static-2.2.0.tgz. Extracting by manifest.
810 silly tarball no local data for array-flatten@https://registry.npmjs.org/array-flatten/-/array-flatten-1.1.1.tgz. Extracting by manifest.
811 silly tarball no local data for @types/body-parser@https://registry.npmjs.org/@types/body-parser/-/body-parser-1.19.6.tgz. Extracting by manifest.
812 silly tarball no local data for accepts@https://registry.npmjs.org/accepts/-/accepts-1.3.8.tgz. Extracting by manifest.
813 silly tarball no local data for @types/express-serve-static-core@https://registry.npmjs.org/@types/express-serve-static-core/-/express-serve-static-core-5.1.1.tgz. Extracting by manifest.
814 silly tarball no local data for undici-types@https://registry.npmjs.org/undici-types/-/undici-types-7.19.2.tgz. Extracting by manifest.
815 silly tarball no local data for typescript@https://registry.npmjs.org/typescript/-/typescript-5.9.3.tgz. Extracting by manifest.
816 silly tarball no local data for tsx@https://registry.npmjs.org/tsx/-/tsx-4.21.0.tgz. Extracting by manifest.
817 silly tarball no local data for express@https://registry.npmjs.org/express/-/express-4.22.1.tgz. Extracting by manifest.
818 silly tarball no local data for @types/express@https://registry.npmjs.org/@types/express/-/express-5.0.6.tgz. Extracting by manifest.
819 silly tarball no local data for ms@https://registry.npmjs.org/ms/-/ms-2.1.3.tgz. Extracting by manifest.
820 silly tarball no local data for playwright@https://registry.npmjs.org/playwright/-/playwright-1.59.1.tgz. Extracting by manifest.
821 silly tarball no local data for qs@https://registry.npmjs.org/qs/-/qs-6.15.1.tgz. Extracting by manifest.
822 silly tarball no local data for dotenv@https://registry.npmjs.org/dotenv/-/dotenv-17.4.2.tgz. Extracting by manifest.
823 http fetch POST 200 https://registry.npmjs.org/-/npm/v1/security/advisories/bulk 152ms
824 silly audit report {}
825 http fetch GET 200 https://registry.npmjs.org/resolve-pkg-maps/-/resolve-pkg-maps-1.0.0.tgz 109ms (cache miss)
826 http fetch GET 200 https://registry.npmjs.org/media-typer/-/media-typer-0.3.0.tgz 112ms (cache miss)
827 http fetch GET 200 https://registry.npmjs.org/call-bind-apply-helpers/-/call-bind-apply-helpers-1.0.2.tgz 136ms (cache miss)
828 http fetch GET 200 https://registry.npmjs.org/esbuild/-/esbuild-0.27.7.tgz 159ms (cache miss)
829 http fetch GET 200 https://registry.npmjs.org/side-channel-map/-/side-channel-map-1.0.1.tgz 176ms (cache miss)
830 http fetch GET 200 https://registry.npmjs.org/get-intrinsic/-/get-intrinsic-1.3.0.tgz 182ms (cache miss)
831 http fetch GET 200 https://registry.npmjs.org/call-bound/-/call-bound-1.0.4.tgz 197ms (cache miss)
832 http fetch GET 200 https://registry.npmjs.org/dunder-proto/-/dunder-proto-1.0.1.tgz 216ms (cache miss)
833 http fetch GET 200 https://registry.npmjs.org/side-channel-list/-/side-channel-list-1.0.1.tgz 234ms (cache miss)
834 http fetch GET 200 https://registry.npmjs.org/gopd/-/gopd-1.2.0.tgz 247ms (cache miss)
835 http fetch GET 200 https://registry.npmjs.org/object-inspect/-/object-inspect-1.13.4.tgz 271ms (cache miss)
836 http fetch GET 200 https://registry.npmjs.org/has-symbols/-/has-symbols-1.1.0.tgz 278ms (cache miss)
837 http fetch GET 200 https://registry.npmjs.org/es-define-property/-/es-define-property-1.0.1.tgz 286ms (cache miss)
838 http fetch GET 200 https://registry.npmjs.org/get-proto/-/get-proto-1.0.1.tgz 292ms (cache miss)
839 http fetch GET 200 https://registry.npmjs.org/es-object-atoms/-/es-object-atoms-1.1.1.tgz 293ms (cache miss)
840 http fetch GET 200 https://registry.npmjs.org/get-tsconfig/-/get-tsconfig-4.14.0.tgz 317ms (cache miss)
841 http fetch GET 200 https://registry.npmjs.org/math-intrinsics/-/math-intrinsics-1.1.0.tgz 322ms (cache miss)
842 http fetch GET 200 https://registry.npmjs.org/hasown/-/hasown-2.0.3.tgz 327ms (cache miss)
843 http fetch GET 200 https://registry.npmjs.org/es-errors/-/es-errors-1.3.0.tgz 350ms (cache miss)
844 http fetch GET 200 https://registry.npmjs.org/side-channel/-/side-channel-1.1.0.tgz 355ms (cache miss)
845 http fetch GET 200 https://registry.npmjs.org/function-bind/-/function-bind-1.1.2.tgz 380ms (cache miss)
846 http fetch GET 200 https://registry.npmjs.org/ipaddr.js/-/ipaddr.js-1.9.1.tgz 393ms (cache miss)
847 http fetch GET 200 https://registry.npmjs.org/mime/-/mime-1.6.0.tgz 397ms (cache miss)
848 http fetch GET 200 https://registry.npmjs.org/forwarded/-/forwarded-0.2.0.tgz 414ms (cache miss)
849 http fetch GET 200 https://registry.npmjs.org/ee-first/-/ee-first-1.1.1.tgz 428ms (cache miss)
850 http fetch GET 200 https://registry.npmjs.org/safer-buffer/-/safer-buffer-2.1.2.tgz 435ms (cache miss)
851 http fetch GET 200 https://registry.npmjs.org/toidentifier/-/toidentifier-1.0.1.tgz 471ms (cache miss)
852 http fetch GET 200 https://registry.npmjs.org/mime-db/-/mime-db-1.52.0.tgz 491ms (cache miss)
853 http fetch GET 200 https://registry.npmjs.org/inherits/-/inherits-2.0.4.tgz 521ms (cache miss)
854 http fetch GET 200 https://registry.npmjs.org/side-channel-weakmap/-/side-channel-weakmap-1.0.2.tgz 539ms (cache miss)
855 http fetch GET 200 https://registry.npmjs.org/raw-body/-/raw-body-2.5.3.tgz 540ms (cache miss)
856 http fetch GET 200 https://registry.npmjs.org/unpipe/-/unpipe-1.0.0.tgz 554ms (cache miss)
857 http fetch GET 200 https://registry.npmjs.org/ms/-/ms-2.0.0.tgz 564ms (cache miss)
858 http fetch GET 200 https://registry.npmjs.org/destroy/-/destroy-1.2.0.tgz 583ms (cache miss)
859 http fetch GET 200 https://registry.npmjs.org/bytes/-/bytes-3.1.2.tgz 592ms (cache miss)
860 http fetch GET 200 https://registry.npmjs.org/utils-merge/-/utils-merge-1.0.1.tgz 703ms (cache miss)
861 http fetch GET 200 https://registry.npmjs.org/negotiator/-/negotiator-0.6.3.tgz 708ms (cache miss)
862 http fetch GET 200 https://registry.npmjs.org/mime-types/-/mime-types-2.1.35.tgz 710ms (cache miss)
863 http fetch GET 200 https://registry.npmjs.org/vary/-/vary-1.1.2.tgz 728ms (cache miss)
864 http fetch GET 200 https://registry.npmjs.org/type-is/-/type-is-1.6.18.tgz 733ms (cache miss)
865 http fetch GET 200 https://registry.npmjs.org/statuses/-/statuses-2.0.2.tgz 802ms (cache miss)
866 http fetch GET 200 https://registry.npmjs.org/setprototypeof/-/setprototypeof-1.2.0.tgz 806ms (cache miss)
867 http fetch GET 200 https://registry.npmjs.org/send/-/send-0.19.2.tgz 835ms (cache miss)
868 http fetch GET 200 https://registry.npmjs.org/serve-static/-/serve-static-1.16.3.tgz 837ms (cache miss)
869 http fetch GET 200 https://registry.npmjs.org/safe-buffer/-/safe-buffer-5.2.1.tgz 854ms (cache miss)
870 http fetch GET 200 https://registry.npmjs.org/range-parser/-/range-parser-1.2.1.tgz 869ms (cache miss)
871 http fetch GET 200 https://registry.npmjs.org/path-to-regexp/-/path-to-regexp-0.1.13.tgz 983ms (cache miss)
872 http fetch GET 200 https://registry.npmjs.org/proxy-addr/-/proxy-addr-2.0.7.tgz 995ms (cache miss)
873 http fetch GET 200 https://registry.npmjs.org/parseurl/-/parseurl-1.3.3.tgz 1015ms (cache miss)
874 http fetch GET 200 https://registry.npmjs.org/methods/-/methods-1.1.2.tgz 1024ms (cache miss)
875 http fetch GET 200 https://registry.npmjs.org/on-finished/-/on-finished-2.4.1.tgz 1034ms (cache miss)
876 http fetch GET 200 https://registry.npmjs.org/merge-descriptors/-/merge-descriptors-1.0.3.tgz 1109ms (cache miss)
877 http fetch GET 200 https://registry.npmjs.org/http-errors/-/http-errors-2.0.1.tgz 1180ms (cache miss)
878 http fetch GET 200 https://registry.npmjs.org/fresh/-/fresh-0.5.2.tgz 1208ms (cache miss)
879 http fetch GET 200 https://registry.npmjs.org/escape-html/-/escape-html-1.0.3.tgz 1219ms (cache miss)
880 http fetch GET 200 https://registry.npmjs.org/etag/-/etag-1.8.1.tgz 1223ms (cache miss)
881 http fetch GET 200 https://registry.npmjs.org/encodeurl/-/encodeurl-2.0.0.tgz 1234ms (cache miss)
882 http fetch GET 200 https://registry.npmjs.org/finalhandler/-/finalhandler-1.3.2.tgz 1238ms (cache miss)
883 http fetch GET 200 https://registry.npmjs.org/depd/-/depd-2.0.0.tgz 1245ms (cache miss)
884 http fetch GET 200 https://registry.npmjs.org/cookie-signature/-/cookie-signature-1.0.7.tgz 1245ms (cache miss)
885 http fetch GET 200 https://registry.npmjs.org/cookie/-/cookie-0.7.2.tgz 1252ms (cache miss)
886 http fetch GET 200 https://registry.npmjs.org/iconv-lite/-/iconv-lite-0.4.24.tgz 1273ms (cache miss)
887 http fetch GET 200 https://registry.npmjs.org/debug/-/debug-2.6.9.tgz 1278ms (cache miss)
888 http fetch GET 200 https://registry.npmjs.org/content-type/-/content-type-1.0.5.tgz 1306ms (cache miss)
889 http fetch GET 200 https://registry.npmjs.org/content-disposition/-/content-disposition-0.5.4.tgz 1318ms (cache miss)
890 http fetch GET 200 https://registry.npmjs.org/@types/http-errors/-/http-errors-2.0.5.tgz 1341ms (cache miss)
891 http fetch GET 200 https://registry.npmjs.org/@types/send/-/send-1.2.1.tgz 1347ms (cache miss)
892 http fetch GET 200 https://registry.npmjs.org/@types/range-parser/-/range-parser-1.2.7.tgz 1353ms (cache miss)
893 http fetch GET 200 https://registry.npmjs.org/qs/-/qs-6.14.2.tgz 1367ms (cache miss)
894 http fetch GET 200 https://registry.npmjs.org/body-parser/-/body-parser-1.20.5.tgz 1360ms (cache miss)
895 http fetch GET 200 https://registry.npmjs.org/@types/qs/-/qs-6.15.0.tgz 1400ms (cache miss)
896 http fetch GET 200 https://registry.npmjs.org/@types/connect/-/connect-3.4.38.tgz 1424ms (cache miss)
897 http fetch GET 200 https://registry.npmjs.org/array-flatten/-/array-flatten-1.1.1.tgz 1489ms (cache miss)
898 http fetch GET 200 https://registry.npmjs.org/@types/serve-static/-/serve-static-2.2.0.tgz 1499ms (cache miss)
899 http fetch GET 200 https://registry.npmjs.org/@types/body-parser/-/body-parser-1.19.6.tgz 1527ms (cache miss)
900 http fetch GET 200 https://registry.npmjs.org/accepts/-/accepts-1.3.8.tgz 1569ms (cache miss)
901 http fetch GET 200 https://registry.npmjs.org/@types/express-serve-static-core/-/express-serve-static-core-5.1.1.tgz 1608ms (cache miss)
902 http fetch GET 200 https://registry.npmjs.org/undici-types/-/undici-types-7.19.2.tgz 1669ms (cache miss)
903 http fetch GET 200 https://registry.npmjs.org/@types/express/-/express-5.0.6.tgz 1746ms (cache miss)
904 http fetch GET 200 https://registry.npmjs.org/ms/-/ms-2.1.3.tgz 1792ms (cache miss)
905 http fetch GET 200 https://registry.npmjs.org/tsx/-/tsx-4.21.0.tgz 2113ms (cache miss)
906 http fetch GET 200 https://registry.npmjs.org/express/-/express-4.22.1.tgz 2145ms (cache miss)
907 http fetch GET 200 https://registry.npmjs.org/qs/-/qs-6.15.1.tgz 2304ms (cache miss)
908 http fetch GET 200 https://registry.npmjs.org/dotenv/-/dotenv-17.4.2.tgz 2360ms (cache miss)
909 http fetch GET 200 https://registry.npmjs.org/@types/node/-/node-25.6.0.tgz 3399ms (cache miss)
910 http fetch GET 200 https://registry.npmjs.org/playwright/-/playwright-1.59.1.tgz 3949ms (cache miss)
911 http fetch GET 200 https://registry.npmjs.org/playwright-core/-/playwright-core-1.59.1.tgz 6425ms (cache miss)
912 http fetch GET 200 https://registry.npmjs.org/typescript/-/typescript-5.9.3.tgz 7152ms (cache miss)
913 http fetch GET 200 https://registry.npmjs.org/@esbuild/win32-x64/-/win32-x64-0.27.7.tgz 8376ms (cache miss)
914 info run esbuild@0.27.7 postinstall node_modules/esbuild node install.js
915 info run esbuild@0.27.7 postinstall { code: 'EPERM', signal: undefined }
916 warn cleanup Failed to remove some directories [
916 warn cleanup   [
916 warn cleanup     '\\\\?\\C:\\dave-brain\\scripts\\playwright\\node_modules',
916 warn cleanup     [Error: EPERM: operation not permitted, rmdir 'C:\dave-brain\scripts\playwright\node_modules\body-parser\node_modules\qs'] {
916 warn cleanup       errno: -4048,
916 warn cleanup       code: 'EPERM',
916 warn cleanup       syscall: 'rmdir',
916 warn cleanup       path: 'C:\\dave-brain\\scripts\\playwright\\node_modules\\body-parser\\node_modules\\qs'
916 warn cleanup     }
916 warn cleanup   ],
916 warn cleanup   [
916 warn cleanup     '\\\\?\\C:\\dave-brain\\scripts\\playwright\\node_modules\\playwright-core',
916 warn cleanup     [Error: EPERM: operation not permitted, rmdir 'C:\dave-brain\scripts\playwright\node_modules\playwright-core\lib\tools'] {
916 warn cleanup       errno: -4048,
916 warn cleanup       code: 'EPERM',
916 warn cleanup       syscall: 'rmdir',
916 warn cleanup       path: 'C:\\dave-brain\\scripts\\playwright\\node_modules\\playwright-core\\lib\\tools'
916 warn cleanup     }
916 warn cleanup   ]
916 warn cleanup ]
917 verbose stack Error: spawn EPERM
917 verbose stack     at ChildProcess.spawn (node:internal/child_process:421:11)
917 verbose stack     at spawn (node:child_process:796:9)
917 verbose stack     at promiseSpawn (C:\Program Files\nodejs\node_modules\npm\node_modules\@npmcli\promise-spawn\lib\index.js:39:16)
917 verbose stack     at spawnWithShell (C:\Program Files\nodejs\node_modules\npm\node_modules\@npmcli\promise-spawn\lib\index.js:124:10)
917 verbose stack     at promiseSpawn (C:\Program Files\nodejs\node_modules\npm\node_modules\@npmcli\promise-spawn\lib\index.js:12:12)
917 verbose stack     at runScriptPkg (C:\Program Files\nodejs\node_modules\npm\node_modules\@npmcli\run-script\lib\run-script-pkg.js:79:13)
917 verbose stack     at runScript (C:\Program Files\nodejs\node_modules\npm\node_modules\@npmcli\run-script\lib\run-script.js:9:12)
917 verbose stack     at C:\Program Files\nodejs\node_modules\npm\node_modules\@npmcli\arborist\lib\arborist\rebuild.js:327:17
917 verbose stack     at run (C:\Program Files\nodejs\node_modules\npm\node_modules\promise-call-limit\dist\commonjs\index.js:67:22)
917 verbose stack     at C:\Program Files\nodejs\node_modules\npm\node_modules\promise-call-limit\dist\commonjs\index.js:84:9
918 error code EPERM
919 error syscall spawn
920 error errno -4048
921 error Error: spawn EPERM
921 error     at ChildProcess.spawn (node:internal/child_process:421:11)
921 error     at spawn (node:child_process:796:9)
921 error     at promiseSpawn (C:\Program Files\nodejs\node_modules\npm\node_modules\@npmcli\promise-spawn\lib\index.js:39:16)
921 error     at spawnWithShell (C:\Program Files\nodejs\node_modules\npm\node_modules\@npmcli\promise-spawn\lib\index.js:124:10)
921 error     at promiseSpawn (C:\Program Files\nodejs\node_modules\npm\node_modules\@npmcli\promise-spawn\lib\index.js:12:12)
921 error     at runScriptPkg (C:\Program Files\nodejs\node_modules\npm\node_modules\@npmcli\run-script\lib\run-script-pkg.js:79:13)
921 error     at runScript (C:\Program Files\nodejs\node_modules\npm\node_modules\@npmcli\run-script\lib\run-script.js:9:12)
921 error     at C:\Program Files\nodejs\node_modules\npm\node_modules\@npmcli\arborist\lib\arborist\rebuild.js:327:17
921 error     at run (C:\Program Files\nodejs\node_modules\npm\node_modules\promise-call-limit\dist\commonjs\index.js:67:22)
921 error     at C:\Program Files\nodejs\node_modules\npm\node_modules\promise-call-limit\dist\commonjs\index.js:84:9 {
921 error   errno: -4048,
921 error   code: 'EPERM',
921 error   syscall: 'spawn'
921 error }
922 error
922 error The operation was rejected by your operating system.
922 error It's possible that the file was already in use (by a text editor or antivirus),
922 error or that you lack permissions to access it.
922 error
922 error If you believe this might be a permissions issue, please double-check the
922 error permissions of the file and its containing directories, or try running
922 error the command again as root/Administrator.
923 silly unfinished npm timer reify 1777235328516
924 silly unfinished npm timer reify:build 1777235349746
925 silly unfinished npm timer build 1777235349747
926 silly unfinished npm timer build:deps 1777235349747
927 silly unfinished npm timer build:run:postinstall 1777235349775
928 silly unfinished npm timer build:run:postinstall:node_modules/esbuild 1777235349776
929 verbose cwd C:\dave-brain\scripts\playwright
930 verbose os Windows_NT 10.0.26200
931 verbose node v24.14.1
932 verbose npm  v11.11.0
933 notice
933 notice New minor version of npm available! 11.11.0 -> 11.13.0
933 notice Changelog: https://github.com/npm/cli/releases/tag/v11.13.0
933 notice To update run: npm install -g npm@11.13.0
933 notice  { force: true, Symbol(proc-log.meta): true }
934 verbose exit -4048
935 verbose code -4048
936 error A complete log of this run can be found in: C:\dave-brain\scripts\playwright\.npm-cache\_logs\2026-04-26T20_28_47_984Z-debug-0.log
